# Logfile created on Wed Feb 25 18:12:07 -0500 2009 by /
  [4;36;1mSQL (0.3ms)[0m   [0;1mSET NAMES 'utf8'[0m
  [4;35;1mSQL (0.1ms)[0m   [0mSET SQL_AUTO_IS_NULL=0[0m
  [4;36;1mSQL (0.6ms)[0m   [0;1mSHOW TABLES[0m
  [4;35;1mSQL (21.5ms)[0m   [0mDROP TABLE `users`[0m
  [4;36;1mSQL (2.6ms)[0m   [0;1mCREATE TABLE `users` (`id` int(11) DEFAULT NULL auto_increment PRIMARY KEY, `first_name` varchar(255), `last_name` varchar(255), `middle_name` varchar(255), `address` varchar(255), `city` varchar(255), `state` varchar(255)) ENGINE=InnoDB[0m
  [4;35;1mSQL (1.2ms)[0m   [0mSHOW TABLES[0m
  [4;36;1mSQL (0.3ms)[0m   [0;1mSELECT version FROM `schema_migrations`[0m
  [4;35;1mSQL (0.6ms)[0m   [0mINSERT INTO `schema_migrations` (version) VALUES ('0')[0m
  [4;36;1mSQL (0.5ms)[0m   [0;1mSET NAMES 'utf8'[0m
  [4;35;1mSQL (0.1ms)[0m   [0mSET SQL_AUTO_IS_NULL=0[0m
  [4;36;1mSQL (0.6ms)[0m   [0;1mSHOW TABLES[0m
  [4;35;1mSQL (1.6ms)[0m   [0mDROP TABLE `users`[0m
  [4;36;1mSQL (24.3ms)[0m   [0;1mCREATE TABLE `users` (`id` int(11) DEFAULT NULL auto_increment PRIMARY KEY, `first_name` varchar(255), `last_name` varchar(255), `middle_name` varchar(255), `address` varchar(255), `city` varchar(255), `state` varchar(255)) ENGINE=InnoDB[0m
  [4;35;1mSQL (0.5ms)[0m   [0mSHOW TABLES[0m
  [4;36;1mSQL (0.3ms)[0m   [0;1mSELECT version FROM `schema_migrations`[0m
  [4;35;1mSQL (0.1ms)[0m   [0mBEGIN[0m
  [4;36;1mSQL (0.1ms)[0m   [0;1mROLLBACK[0m
  [4;35;1mSQL (0.1ms)[0m   [0mBEGIN[0m
  [4;36;1mSQL (0.1ms)[0m   [0;1mROLLBACK[0m
  [4;35;1mSQL (0.2ms)[0m   [0mBEGIN[0m
  [4;36;1mSQL (0.1ms)[0m   [0;1mROLLBACK[0m
  [4;35;1mSQL (0.1ms)[0m   [0mBEGIN[0m
  [4;36;1mSQL (0.1ms)[0m   [0;1mROLLBACK[0m
  [4;36;1mSQL (0.2ms)[0m   [0;1mSET NAMES 'utf8'[0m
  [4;35;1mSQL (0.1ms)[0m   [0mSET SQL_AUTO_IS_NULL=0[0m
  [4;36;1mSQL (0.7ms)[0m   [0;1mSHOW TABLES[0m
  [4;35;1mSQL (22.6ms)[0m   [0mCREATE TABLE `searchable_users` (`id` int(11) DEFAULT NULL auto_increment PRIMARY KEY, `first_name` varchar(255), `last_name` varchar(255), `middle_name` varchar(255), `address` varchar(255), `city` varchar(255), `state` varchar(255)) ENGINE=InnoDB[0m
  [4;36;1mSQL (0.6ms)[0m   [0;1mSHOW TABLES[0m
  [4;35;1mSQL (0.2ms)[0m   [0mSELECT version FROM `schema_migrations`[0m
  [4;36;1mSQL (0.1ms)[0m   [0;1mBEGIN[0m
  [4;35;1mSQL (0.1ms)[0m   [0mROLLBACK[0m
  [4;36;1mSQL (0.1ms)[0m   [0;1mBEGIN[0m
  [4;35;1mSQL (0.1ms)[0m   [0mROLLBACK[0m
  [4;36;1mSQL (0.1ms)[0m   [0;1mBEGIN[0m
  [4;35;1mSQL (0.1ms)[0m   [0mROLLBACK[0m
  [4;36;1mSQL (0.1ms)[0m   [0;1mBEGIN[0m
  [4;35;1mSQL (0.1ms)[0m   [0mROLLBACK[0m
  [4;36;1mSQL (0.3ms)[0m   [0;1mSET NAMES 'utf8'[0m
  [4;35;1mSQL (0.1ms)[0m   [0mSET SQL_AUTO_IS_NULL=0[0m
  [4;36;1mSQL (0.5ms)[0m   [0;1mSHOW TABLES[0m
  [4;35;1mSQL (1.5ms)[0m   [0mDROP TABLE `searchable_users`[0m
  [4;36;1mSQL (33.2ms)[0m   [0;1mCREATE TABLE `searchable_users` (`id` int(11) DEFAULT NULL auto_increment PRIMARY KEY, `first_name` varchar(255), `last_name` varchar(255), `middle_name` varchar(255), `address` varchar(255), `city` varchar(255), `state` varchar(255)) ENGINE=InnoDB[0m
  [4;35;1mSQL (0.5ms)[0m   [0mSHOW TABLES[0m
  [4;36;1mSQL (0.3ms)[0m   [0;1mSELECT version FROM `schema_migrations`[0m
Unable to load searchable_user, underlying cause no such file to load -- searchable_user 

 /opt/local/lib/ruby/site_ruby/1.8/rubygems/custom_require.rb:31:in `gem_original_require'
/opt/local/lib/ruby/site_ruby/1.8/rubygems/custom_require.rb:31:in `require'
/opt/local/lib/ruby/gems/1.8/gems/activesupport-2.2.2/lib/active_support/dependencies.rb:155:in `require'
/opt/local/lib/ruby/gems/1.8/gems/activesupport-2.2.2/lib/active_support/dependencies.rb:262:in `require_or_load'
/opt/local/lib/ruby/gems/1.8/gems/activesupport-2.2.2/lib/active_support/dependencies.rb:221:in `depend_on'
/opt/local/lib/ruby/gems/1.8/gems/activesupport-2.2.2/lib/active_support/dependencies.rb:133:in `require_dependency'
/opt/local/lib/ruby/gems/1.8/gems/activerecord-2.2.2/lib/active_record/fixtures.rb:856:in `try_to_load_dependency'
/opt/local/lib/ruby/gems/1.8/gems/activerecord-2.2.2/lib/active_record/fixtures.rb:871:in `require_fixture_classes'
/opt/local/lib/ruby/gems/1.8/gems/activerecord-2.2.2/lib/active_record/fixtures.rb:868:in `each'
/opt/local/lib/ruby/gems/1.8/gems/activerecord-2.2.2/lib/active_record/fixtures.rb:868:in `require_fixture_classes'
/opt/local/lib/ruby/gems/1.8/gems/activerecord-2.2.2/lib/active_record/fixtures.rb:851:in `fixtures'
searchable_attributes_spec.rb:6
/Users/rlaw/projects/intridea/brookes/vendor/plugins/rspec/lib/spec/example/example_group_methods.rb:99:in `module_eval'
/Users/rlaw/projects/intridea/brookes/vendor/plugins/rspec/lib/spec/example/example_group_methods.rb:99:in `create_example_group_subclass'
/Users/rlaw/projects/intridea/brookes/vendor/plugins/rspec/lib/spec/example/example_group_methods.rb:75:in `describe'
/Users/rlaw/projects/intridea/brookes/vendor/plugins/rspec/lib/spec/example/example_group_factory.rb:57:in `create_example_group'
/Users/rlaw/projects/intridea/brookes/vendor/plugins/rspec/lib/spec/dsl/main.rb:25:in `describe'
searchable_attributes_spec.rb:5
  [4;35;1mSQL (0.1ms)[0m   [0mBEGIN[0m
  [4;36;1mSQL (0.5ms)[0m   [0;1mROLLBACK[0m
  [4;35;1mSQL (0.1ms)[0m   [0mBEGIN[0m
  [4;36;1mSQL (0.1ms)[0m   [0;1mROLLBACK[0m
  [4;35;1mSQL (0.1ms)[0m   [0mBEGIN[0m
  [4;36;1mSQL (0.1ms)[0m   [0;1mROLLBACK[0m
  [4;35;1mSQL (0.1ms)[0m   [0mBEGIN[0m
  [4;36;1mSQL (0.1ms)[0m   [0;1mROLLBACK[0m
  [4;36;1mSQL (0.3ms)[0m   [0;1mSET NAMES 'utf8'[0m
  [4;35;1mSQL (0.1ms)[0m   [0mSET SQL_AUTO_IS_NULL=0[0m
  [4;36;1mSQL (0.6ms)[0m   [0;1mSHOW TABLES[0m
  [4;35;1mSQL (24.1ms)[0m   [0mDROP TABLE `searchable_users`[0m
  [4;36;1mSQL (2.2ms)[0m   [0;1mCREATE TABLE `searchable_users` (`id` int(11) DEFAULT NULL auto_increment PRIMARY KEY, `first_name` varchar(255), `last_name` varchar(255), `middle_name` varchar(255), `address` varchar(255), `city` varchar(255), `state` varchar(255)) ENGINE=InnoDB[0m
  [4;35;1mSQL (0.5ms)[0m   [0mSHOW TABLES[0m
  [4;36;1mSQL (0.2ms)[0m   [0;1mSELECT version FROM `schema_migrations`[0m
Unable to load searchable_user, underlying cause no such file to load -- searchable_user 

 /opt/local/lib/ruby/site_ruby/1.8/rubygems/custom_require.rb:31:in `gem_original_require'
/opt/local/lib/ruby/site_ruby/1.8/rubygems/custom_require.rb:31:in `require'
/opt/local/lib/ruby/gems/1.8/gems/activesupport-2.2.2/lib/active_support/dependencies.rb:155:in `require'
/opt/local/lib/ruby/gems/1.8/gems/activesupport-2.2.2/lib/active_support/dependencies.rb:262:in `require_or_load'
/opt/local/lib/ruby/gems/1.8/gems/activesupport-2.2.2/lib/active_support/dependencies.rb:221:in `depend_on'
/opt/local/lib/ruby/gems/1.8/gems/activesupport-2.2.2/lib/active_support/dependencies.rb:133:in `require_dependency'
/opt/local/lib/ruby/gems/1.8/gems/activerecord-2.2.2/lib/active_record/fixtures.rb:856:in `try_to_load_dependency'
/opt/local/lib/ruby/gems/1.8/gems/activerecord-2.2.2/lib/active_record/fixtures.rb:871:in `require_fixture_classes'
/opt/local/lib/ruby/gems/1.8/gems/activerecord-2.2.2/lib/active_record/fixtures.rb:868:in `each'
/opt/local/lib/ruby/gems/1.8/gems/activerecord-2.2.2/lib/active_record/fixtures.rb:868:in `require_fixture_classes'
/opt/local/lib/ruby/gems/1.8/gems/activerecord-2.2.2/lib/active_record/fixtures.rb:851:in `fixtures'
searchable_attributes_spec.rb:6
/Users/rlaw/projects/intridea/brookes/vendor/plugins/rspec/lib/spec/example/example_group_methods.rb:99:in `module_eval'
/Users/rlaw/projects/intridea/brookes/vendor/plugins/rspec/lib/spec/example/example_group_methods.rb:99:in `create_example_group_subclass'
/Users/rlaw/projects/intridea/brookes/vendor/plugins/rspec/lib/spec/example/example_group_methods.rb:75:in `describe'
/Users/rlaw/projects/intridea/brookes/vendor/plugins/rspec/lib/spec/example/example_group_factory.rb:57:in `create_example_group'
/Users/rlaw/projects/intridea/brookes/vendor/plugins/rspec/lib/spec/dsl/main.rb:25:in `describe'
searchable_attributes_spec.rb:5
  [4;35;1mSQL (0.1ms)[0m   [0mBEGIN[0m
  [4;36;1mSQL (0.1ms)[0m   [0;1mROLLBACK[0m
  [4;35;1mSQL (0.1ms)[0m   [0mBEGIN[0m
  [4;36;1mSQL (0.1ms)[0m   [0;1mROLLBACK[0m
  [4;35;1mSQL (0.1ms)[0m   [0mBEGIN[0m
  [4;36;1mSQL (0.1ms)[0m   [0;1mROLLBACK[0m
  [4;35;1mSQL (0.2ms)[0m   [0mBEGIN[0m
  [4;36;1mSQL (0.1ms)[0m   [0;1mROLLBACK[0m
  [4;36;1mSQL (0.3ms)[0m   [0;1mSET NAMES 'utf8'[0m
  [4;35;1mSQL (0.1ms)[0m   [0mSET SQL_AUTO_IS_NULL=0[0m
  [4;36;1mSQL (0.6ms)[0m   [0;1mSHOW TABLES[0m
  [4;35;1mSQL (3.6ms)[0m   [0mDROP TABLE `searchable_users`[0m
  [4;36;1mSQL (2.6ms)[0m   [0;1mCREATE TABLE `searchable_users` (`id` int(11) DEFAULT NULL auto_increment PRIMARY KEY, `first_name` varchar(255), `last_name` varchar(255), `middle_name` varchar(255), `address` varchar(255), `city` varchar(255), `state` varchar(255)) ENGINE=InnoDB[0m
  [4;35;1mSQL (0.7ms)[0m   [0mSHOW TABLES[0m
  [4;36;1mSQL (0.2ms)[0m   [0;1mSELECT version FROM `schema_migrations`[0m
Unable to load searchable_user, underlying cause no such file to load -- searchable_user 

 /opt/local/lib/ruby/site_ruby/1.8/rubygems/custom_require.rb:31:in `gem_original_require'
/opt/local/lib/ruby/site_ruby/1.8/rubygems/custom_require.rb:31:in `require'
/opt/local/lib/ruby/gems/1.8/gems/activesupport-2.2.2/lib/active_support/dependencies.rb:155:in `require'
/opt/local/lib/ruby/gems/1.8/gems/activesupport-2.2.2/lib/active_support/dependencies.rb:262:in `require_or_load'
/opt/local/lib/ruby/gems/1.8/gems/activesupport-2.2.2/lib/active_support/dependencies.rb:221:in `depend_on'
/opt/local/lib/ruby/gems/1.8/gems/activesupport-2.2.2/lib/active_support/dependencies.rb:133:in `require_dependency'
/opt/local/lib/ruby/gems/1.8/gems/activerecord-2.2.2/lib/active_record/fixtures.rb:856:in `try_to_load_dependency'
/opt/local/lib/ruby/gems/1.8/gems/activerecord-2.2.2/lib/active_record/fixtures.rb:871:in `require_fixture_classes'
/opt/local/lib/ruby/gems/1.8/gems/activerecord-2.2.2/lib/active_record/fixtures.rb:868:in `each'
/opt/local/lib/ruby/gems/1.8/gems/activerecord-2.2.2/lib/active_record/fixtures.rb:868:in `require_fixture_classes'
/opt/local/lib/ruby/gems/1.8/gems/activerecord-2.2.2/lib/active_record/fixtures.rb:851:in `fixtures'
searchable_attributes_spec.rb:6
/Users/rlaw/projects/intridea/brookes/vendor/plugins/rspec/lib/spec/example/example_group_methods.rb:99:in `module_eval'
/Users/rlaw/projects/intridea/brookes/vendor/plugins/rspec/lib/spec/example/example_group_methods.rb:99:in `create_example_group_subclass'
/Users/rlaw/projects/intridea/brookes/vendor/plugins/rspec/lib/spec/example/example_group_methods.rb:75:in `describe'
/Users/rlaw/projects/intridea/brookes/vendor/plugins/rspec/lib/spec/example/example_group_factory.rb:57:in `create_example_group'
/Users/rlaw/projects/intridea/brookes/vendor/plugins/rspec/lib/spec/dsl/main.rb:25:in `describe'
searchable_attributes_spec.rb:5
  [4;35;1mSQL (0.1ms)[0m   [0mBEGIN[0m
  [4;36;1mSQL (0.1ms)[0m   [0;1mROLLBACK[0m
  [4;35;1mSQL (0.1ms)[0m   [0mBEGIN[0m
  [4;36;1mSQL (0.1ms)[0m   [0;1mROLLBACK[0m
  [4;35;1mSQL (0.1ms)[0m   [0mBEGIN[0m
  [4;36;1mSQL (0.1ms)[0m   [0;1mROLLBACK[0m
  [4;35;1mSQL (0.1ms)[0m   [0mBEGIN[0m
  [4;36;1mSQL (0.1ms)[0m   [0;1mROLLBACK[0m
  [4;36;1mSQL (0.3ms)[0m   [0;1mSET NAMES 'utf8'[0m
  [4;35;1mSQL (0.1ms)[0m   [0mSET SQL_AUTO_IS_NULL=0[0m
  [4;36;1mSQL (0.8ms)[0m   [0;1mSHOW TABLES[0m
  [4;35;1mSQL (2.1ms)[0m   [0mDROP TABLE `searchable_users`[0m
  [4;36;1mSQL (26.9ms)[0m   [0;1mCREATE TABLE `searchable_users` (`id` int(11) DEFAULT NULL auto_increment PRIMARY KEY, `first_name` varchar(255), `last_name` varchar(255), `middle_name` varchar(255), `address` varchar(255), `city` varchar(255), `state` varchar(255)) ENGINE=InnoDB[0m
  [4;35;1mSQL (1.4ms)[0m   [0mSHOW TABLES[0m
  [4;36;1mSQL (0.3ms)[0m   [0;1mSELECT version FROM `schema_migrations`[0m
Unable to load searchable_user, underlying cause no such file to load -- searchable_user 

 /opt/local/lib/ruby/site_ruby/1.8/rubygems/custom_require.rb:31:in `gem_original_require'
/opt/local/lib/ruby/site_ruby/1.8/rubygems/custom_require.rb:31:in `require'
/opt/local/lib/ruby/gems/1.8/gems/activesupport-2.2.2/lib/active_support/dependencies.rb:155:in `require'
/opt/local/lib/ruby/gems/1.8/gems/activesupport-2.2.2/lib/active_support/dependencies.rb:262:in `require_or_load'
/opt/local/lib/ruby/gems/1.8/gems/activesupport-2.2.2/lib/active_support/dependencies.rb:221:in `depend_on'
/opt/local/lib/ruby/gems/1.8/gems/activesupport-2.2.2/lib/active_support/dependencies.rb:133:in `require_dependency'
/opt/local/lib/ruby/gems/1.8/gems/activerecord-2.2.2/lib/active_record/fixtures.rb:856:in `try_to_load_dependency'
/opt/local/lib/ruby/gems/1.8/gems/activerecord-2.2.2/lib/active_record/fixtures.rb:871:in `require_fixture_classes'
/opt/local/lib/ruby/gems/1.8/gems/activerecord-2.2.2/lib/active_record/fixtures.rb:868:in `each'
/opt/local/lib/ruby/gems/1.8/gems/activerecord-2.2.2/lib/active_record/fixtures.rb:868:in `require_fixture_classes'
/opt/local/lib/ruby/gems/1.8/gems/activerecord-2.2.2/lib/active_record/fixtures.rb:851:in `fixtures'
searchable_attributes_spec.rb:6
/Users/rlaw/projects/intridea/brookes/vendor/plugins/rspec/lib/spec/example/example_group_methods.rb:99:in `module_eval'
/Users/rlaw/projects/intridea/brookes/vendor/plugins/rspec/lib/spec/example/example_group_methods.rb:99:in `create_example_group_subclass'
/Users/rlaw/projects/intridea/brookes/vendor/plugins/rspec/lib/spec/example/example_group_methods.rb:75:in `describe'
/Users/rlaw/projects/intridea/brookes/vendor/plugins/rspec/lib/spec/example/example_group_factory.rb:57:in `create_example_group'
/Users/rlaw/projects/intridea/brookes/vendor/plugins/rspec/lib/spec/dsl/main.rb:25:in `describe'
searchable_attributes_spec.rb:5
  [4;35;1mSQL (0.1ms)[0m   [0mBEGIN[0m
  [4;36;1mSQL (0.1ms)[0m   [0;1mROLLBACK[0m
  [4;35;1mSQL (0.1ms)[0m   [0mBEGIN[0m
  [4;36;1mSQL (0.1ms)[0m   [0;1mROLLBACK[0m
  [4;35;1mSQL (0.1ms)[0m   [0mBEGIN[0m
  [4;36;1mSQL (0.1ms)[0m   [0;1mROLLBACK[0m
  [4;35;1mSQL (0.1ms)[0m   [0mBEGIN[0m
  [4;36;1mSQL (0.1ms)[0m   [0;1mROLLBACK[0m
  [4;36;1mSQL (0.3ms)[0m   [0;1mSET NAMES 'utf8'[0m
  [4;35;1mSQL (0.1ms)[0m   [0mSET SQL_AUTO_IS_NULL=0[0m
  [4;36;1mSQL (0.6ms)[0m   [0;1mSHOW TABLES[0m
  [4;35;1mSQL (2.4ms)[0m   [0mDROP TABLE `searchable_users`[0m
  [4;36;1mSQL (35.6ms)[0m   [0;1mCREATE TABLE `searchable_users` (`id` int(11) DEFAULT NULL auto_increment PRIMARY KEY, `first_name` varchar(255), `last_name` varchar(255), `middle_name` varchar(255), `address` varchar(255), `city` varchar(255), `state` varchar(255)) ENGINE=InnoDB[0m
  [4;35;1mSQL (0.8ms)[0m   [0mSHOW TABLES[0m
  [4;36;1mSQL (0.3ms)[0m   [0;1mSELECT version FROM `schema_migrations`[0m
Unable to load searchable_user, underlying cause no such file to load -- searchable_user 

 /opt/local/lib/ruby/site_ruby/1.8/rubygems/custom_require.rb:31:in `gem_original_require'
/opt/local/lib/ruby/site_ruby/1.8/rubygems/custom_require.rb:31:in `require'
/opt/local/lib/ruby/gems/1.8/gems/activesupport-2.2.2/lib/active_support/dependencies.rb:155:in `require'
/opt/local/lib/ruby/gems/1.8/gems/activesupport-2.2.2/lib/active_support/dependencies.rb:262:in `require_or_load'
/opt/local/lib/ruby/gems/1.8/gems/activesupport-2.2.2/lib/active_support/dependencies.rb:221:in `depend_on'
/opt/local/lib/ruby/gems/1.8/gems/activesupport-2.2.2/lib/active_support/dependencies.rb:133:in `require_dependency'
/opt/local/lib/ruby/gems/1.8/gems/activerecord-2.2.2/lib/active_record/fixtures.rb:856:in `try_to_load_dependency'
/opt/local/lib/ruby/gems/1.8/gems/activerecord-2.2.2/lib/active_record/fixtures.rb:871:in `require_fixture_classes'
/opt/local/lib/ruby/gems/1.8/gems/activerecord-2.2.2/lib/active_record/fixtures.rb:868:in `each'
/opt/local/lib/ruby/gems/1.8/gems/activerecord-2.2.2/lib/active_record/fixtures.rb:868:in `require_fixture_classes'
/opt/local/lib/ruby/gems/1.8/gems/activerecord-2.2.2/lib/active_record/fixtures.rb:851:in `fixtures'
searchable_attributes_spec.rb:6
/Users/rlaw/projects/intridea/brookes/vendor/plugins/rspec/lib/spec/example/example_group_methods.rb:99:in `module_eval'
/Users/rlaw/projects/intridea/brookes/vendor/plugins/rspec/lib/spec/example/example_group_methods.rb:99:in `create_example_group_subclass'
/Users/rlaw/projects/intridea/brookes/vendor/plugins/rspec/lib/spec/example/example_group_methods.rb:75:in `describe'
/Users/rlaw/projects/intridea/brookes/vendor/plugins/rspec/lib/spec/example/example_group_factory.rb:57:in `create_example_group'
/Users/rlaw/projects/intridea/brookes/vendor/plugins/rspec/lib/spec/dsl/main.rb:25:in `describe'
searchable_attributes_spec.rb:5
  [4;35;1mSQL (0.1ms)[0m   [0mBEGIN[0m
  [4;36;1mSQL (0.1ms)[0m   [0;1mROLLBACK[0m
  [4;35;1mSQL (0.1ms)[0m   [0mBEGIN[0m
  [4;36;1mSQL (0.1ms)[0m   [0;1mROLLBACK[0m
  [4;35;1mSQL (0.1ms)[0m   [0mBEGIN[0m
  [4;36;1mSQL (0.1ms)[0m   [0;1mROLLBACK[0m
  [4;35;1mSQL (0.1ms)[0m   [0mBEGIN[0m
  [4;36;1mSQL (0.1ms)[0m   [0;1mROLLBACK[0m
  [4;35;1mSQL (0.7ms)[0m   [0mSHOW TABLES[0m
  [4;36;1mSQL (0.4ms)[0m   [0;1mSHOW TABLES[0m
  [4;35;1mSQL (0.4ms)[0m   [0mSHOW TABLES[0m
  [4;36;1mSQL (0.4ms)[0m   [0;1mSHOW TABLES[0m
  [4;35;1mSQL (0.3ms)[0m   [0mSHOW TABLES[0m
  [4;36;1mSQL (0.3ms)[0m   [0;1mSHOW TABLES[0m
  [4;35;1mSQL (0.3ms)[0m   [0mSHOW TABLES[0m
  [4;36;1mSQL (0.3ms)[0m   [0;1mSET NAMES 'utf8'[0m
  [4;35;1mSQL (0.1ms)[0m   [0mSET SQL_AUTO_IS_NULL=0[0m
  [4;36;1mSQL (0.6ms)[0m   [0;1mSHOW TABLES[0m
  [4;35;1mSQL (20.3ms)[0m   [0mDROP TABLE `searchable_users`[0m
  [4;36;1mSQL (2.6ms)[0m   [0;1mCREATE TABLE `searchable_users` (`id` int(11) DEFAULT NULL auto_increment PRIMARY KEY, `first_name` varchar(255), `last_name` varchar(255), `middle_name` varchar(255), `address` varchar(255), `city` varchar(255), `state` varchar(255)) ENGINE=InnoDB[0m
  [4;35;1mSQL (0.5ms)[0m   [0mSHOW TABLES[0m
  [4;36;1mSQL (0.2ms)[0m   [0;1mSELECT version FROM `schema_migrations`[0m
Unable to load searchable_user, underlying cause no such file to load -- searchable_user 

 /opt/local/lib/ruby/site_ruby/1.8/rubygems/custom_require.rb:31:in `gem_original_require'
/opt/local/lib/ruby/site_ruby/1.8/rubygems/custom_require.rb:31:in `require'
/opt/local/lib/ruby/gems/1.8/gems/activesupport-2.2.2/lib/active_support/dependencies.rb:155:in `require'
/opt/local/lib/ruby/gems/1.8/gems/activesupport-2.2.2/lib/active_support/dependencies.rb:262:in `require_or_load'
/opt/local/lib/ruby/gems/1.8/gems/activesupport-2.2.2/lib/active_support/dependencies.rb:221:in `depend_on'
/opt/local/lib/ruby/gems/1.8/gems/activesupport-2.2.2/lib/active_support/dependencies.rb:133:in `require_dependency'
/opt/local/lib/ruby/gems/1.8/gems/activerecord-2.2.2/lib/active_record/fixtures.rb:856:in `try_to_load_dependency'
/opt/local/lib/ruby/gems/1.8/gems/activerecord-2.2.2/lib/active_record/fixtures.rb:871:in `require_fixture_classes'
/opt/local/lib/ruby/gems/1.8/gems/activerecord-2.2.2/lib/active_record/fixtures.rb:868:in `each'
/opt/local/lib/ruby/gems/1.8/gems/activerecord-2.2.2/lib/active_record/fixtures.rb:868:in `require_fixture_classes'
/opt/local/lib/ruby/gems/1.8/gems/activerecord-2.2.2/lib/active_record/fixtures.rb:851:in `fixtures'
searchable_attributes_spec.rb:6
/Users/rlaw/projects/intridea/brookes/vendor/plugins/rspec/lib/spec/example/example_group_methods.rb:99:in `module_eval'
/Users/rlaw/projects/intridea/brookes/vendor/plugins/rspec/lib/spec/example/example_group_methods.rb:99:in `create_example_group_subclass'
/Users/rlaw/projects/intridea/brookes/vendor/plugins/rspec/lib/spec/example/example_group_methods.rb:75:in `describe'
/Users/rlaw/projects/intridea/brookes/vendor/plugins/rspec/lib/spec/example/example_group_factory.rb:57:in `create_example_group'
/Users/rlaw/projects/intridea/brookes/vendor/plugins/rspec/lib/spec/dsl/main.rb:25:in `describe'
searchable_attributes_spec.rb:5
  [4;35;1mSQL (0.2ms)[0m   [0mBEGIN[0m
  [4;36;1mSQL (0.1ms)[0m   [0;1mROLLBACK[0m
  [4;35;1mSQL (0.1ms)[0m   [0mBEGIN[0m
  [4;36;1mSQL (0.1ms)[0m   [0;1mROLLBACK[0m
  [4;35;1mSQL (0.1ms)[0m   [0mBEGIN[0m
  [4;36;1mSQL (0.1ms)[0m   [0;1mROLLBACK[0m
  [4;35;1mSQL (0.1ms)[0m   [0mBEGIN[0m
  [4;36;1mSQL (0.1ms)[0m   [0;1mROLLBACK[0m
  [4;36;1mSQL (0.3ms)[0m   [0;1mSET NAMES 'utf8'[0m
  [4;35;1mSQL (0.1ms)[0m   [0mSET SQL_AUTO_IS_NULL=0[0m
  [4;36;1mSQL (0.6ms)[0m   [0;1mSHOW TABLES[0m
  [4;35;1mSQL (2.2ms)[0m   [0mDROP TABLE `searchable_users`[0m
  [4;36;1mSQL (29.2ms)[0m   [0;1mCREATE TABLE `searchable_users` (`id` int(11) DEFAULT NULL auto_increment PRIMARY KEY, `first_name` varchar(255), `last_name` varchar(255), `middle_name` varchar(255), `address` varchar(255), `city` varchar(255), `state` varchar(255)) ENGINE=InnoDB[0m
  [4;35;1mSQL (0.6ms)[0m   [0mSHOW TABLES[0m
  [4;36;1mSQL (0.3ms)[0m   [0;1mSELECT version FROM `schema_migrations`[0m
Unable to load searchable_user, underlying cause no such file to load -- searchable_user 

 /opt/local/lib/ruby/site_ruby/1.8/rubygems/custom_require.rb:31:in `gem_original_require'
/opt/local/lib/ruby/site_ruby/1.8/rubygems/custom_require.rb:31:in `require'
/opt/local/lib/ruby/gems/1.8/gems/activesupport-2.2.2/lib/active_support/dependencies.rb:155:in `require'
/opt/local/lib/ruby/gems/1.8/gems/activesupport-2.2.2/lib/active_support/dependencies.rb:262:in `require_or_load'
/opt/local/lib/ruby/gems/1.8/gems/activesupport-2.2.2/lib/active_support/dependencies.rb:221:in `depend_on'
/opt/local/lib/ruby/gems/1.8/gems/activesupport-2.2.2/lib/active_support/dependencies.rb:133:in `require_dependency'
/opt/local/lib/ruby/gems/1.8/gems/activerecord-2.2.2/lib/active_record/fixtures.rb:856:in `try_to_load_dependency'
/opt/local/lib/ruby/gems/1.8/gems/activerecord-2.2.2/lib/active_record/fixtures.rb:871:in `require_fixture_classes'
/opt/local/lib/ruby/gems/1.8/gems/activerecord-2.2.2/lib/active_record/fixtures.rb:868:in `each'
/opt/local/lib/ruby/gems/1.8/gems/activerecord-2.2.2/lib/active_record/fixtures.rb:868:in `require_fixture_classes'
/opt/local/lib/ruby/gems/1.8/gems/activerecord-2.2.2/lib/active_record/fixtures.rb:851:in `fixtures'
searchable_attributes_spec.rb:6
/Users/rlaw/projects/intridea/brookes/vendor/plugins/rspec/lib/spec/example/example_group_methods.rb:99:in `module_eval'
/Users/rlaw/projects/intridea/brookes/vendor/plugins/rspec/lib/spec/example/example_group_methods.rb:99:in `create_example_group_subclass'
/Users/rlaw/projects/intridea/brookes/vendor/plugins/rspec/lib/spec/example/example_group_methods.rb:75:in `describe'
/Users/rlaw/projects/intridea/brookes/vendor/plugins/rspec/lib/spec/example/example_group_factory.rb:57:in `create_example_group'
/Users/rlaw/projects/intridea/brookes/vendor/plugins/rspec/lib/spec/dsl/main.rb:25:in `describe'
searchable_attributes_spec.rb:5
  [4;35;1mSQL (0.1ms)[0m   [0mBEGIN[0m
  [4;36;1mSQL (0.3ms)[0m   [0;1mROLLBACK[0m
  [4;35;1mSQL (0.1ms)[0m   [0mBEGIN[0m
  [4;36;1mSQL (0.1ms)[0m   [0;1mROLLBACK[0m
  [4;35;1mSQL (0.1ms)[0m   [0mBEGIN[0m
  [4;36;1mSQL (0.1ms)[0m   [0;1mROLLBACK[0m
  [4;35;1mSQL (0.1ms)[0m   [0mBEGIN[0m
  [4;36;1mSQL (0.1ms)[0m   [0;1mROLLBACK[0m
  [4;36;1mSQL (0.3ms)[0m   [0;1mSET NAMES 'utf8'[0m
  [4;35;1mSQL (0.1ms)[0m   [0mSET SQL_AUTO_IS_NULL=0[0m
  [4;36;1mSQL (0.6ms)[0m   [0;1mSHOW TABLES[0m
  [4;35;1mSQL (19.7ms)[0m   [0mDROP TABLE `searchable_users`[0m
  [4;36;1mSQL (1.8ms)[0m   [0;1mCREATE TABLE `searchable_users` (`id` int(11) DEFAULT NULL auto_increment PRIMARY KEY, `first_name` varchar(255), `last_name` varchar(255), `middle_name` varchar(255), `address` varchar(255), `city` varchar(255), `state` varchar(255)) ENGINE=InnoDB[0m
  [4;35;1mSQL (0.4ms)[0m   [0mSHOW TABLES[0m
  [4;36;1mSQL (0.2ms)[0m   [0;1mSELECT version FROM `schema_migrations`[0m
Unable to load searchable_user, underlying cause no such file to load -- searchable_user 

 /opt/local/lib/ruby/site_ruby/1.8/rubygems/custom_require.rb:31:in `gem_original_require'
/opt/local/lib/ruby/site_ruby/1.8/rubygems/custom_require.rb:31:in `require'
/opt/local/lib/ruby/gems/1.8/gems/activesupport-2.2.2/lib/active_support/dependencies.rb:155:in `require'
/opt/local/lib/ruby/gems/1.8/gems/activesupport-2.2.2/lib/active_support/dependencies.rb:262:in `require_or_load'
/opt/local/lib/ruby/gems/1.8/gems/activesupport-2.2.2/lib/active_support/dependencies.rb:221:in `depend_on'
/opt/local/lib/ruby/gems/1.8/gems/activesupport-2.2.2/lib/active_support/dependencies.rb:133:in `require_dependency'
/opt/local/lib/ruby/gems/1.8/gems/activerecord-2.2.2/lib/active_record/fixtures.rb:856:in `try_to_load_dependency'
/opt/local/lib/ruby/gems/1.8/gems/activerecord-2.2.2/lib/active_record/fixtures.rb:871:in `require_fixture_classes'
/opt/local/lib/ruby/gems/1.8/gems/activerecord-2.2.2/lib/active_record/fixtures.rb:868:in `each'
/opt/local/lib/ruby/gems/1.8/gems/activerecord-2.2.2/lib/active_record/fixtures.rb:868:in `require_fixture_classes'
/opt/local/lib/ruby/gems/1.8/gems/activerecord-2.2.2/lib/active_record/fixtures.rb:851:in `fixtures'
searchable_attributes_spec.rb:6
/Users/rlaw/projects/intridea/brookes/vendor/plugins/rspec/lib/spec/example/example_group_methods.rb:99:in `module_eval'
/Users/rlaw/projects/intridea/brookes/vendor/plugins/rspec/lib/spec/example/example_group_methods.rb:99:in `create_example_group_subclass'
/Users/rlaw/projects/intridea/brookes/vendor/plugins/rspec/lib/spec/example/example_group_methods.rb:75:in `describe'
/Users/rlaw/projects/intridea/brookes/vendor/plugins/rspec/lib/spec/example/example_group_factory.rb:57:in `create_example_group'
/Users/rlaw/projects/intridea/brookes/vendor/plugins/rspec/lib/spec/dsl/main.rb:25:in `describe'
searchable_attributes_spec.rb:5
  [4;35;1mSQL (0.1ms)[0m   [0mBEGIN[0m
  [4;36;1mSQL (0.1ms)[0m   [0;1mROLLBACK[0m
  [4;35;1mSQL (0.1ms)[0m   [0mBEGIN[0m
  [4;36;1mSQL (0.1ms)[0m   [0;1mROLLBACK[0m
  [4;35;1mSQL (0.1ms)[0m   [0mBEGIN[0m
  [4;36;1mSQL (0.1ms)[0m   [0;1mROLLBACK[0m
  [4;35;1mSQL (0.1ms)[0m   [0mBEGIN[0m
  [4;36;1mSQL (0.1ms)[0m   [0;1mROLLBACK[0m
  [4;36;1mSQL (1.3ms)[0m   [0;1mSET NAMES 'utf8'[0m
  [4;35;1mSQL (0.1ms)[0m   [0mSET SQL_AUTO_IS_NULL=0[0m
  [4;36;1mSQL (0.6ms)[0m   [0;1mSHOW TABLES[0m
  [4;35;1mSQL (2.4ms)[0m   [0mDROP TABLE `searchable_users`[0m
  [4;36;1mSQL (2.4ms)[0m   [0;1mCREATE TABLE `searchable_users` (`id` int(11) DEFAULT NULL auto_increment PRIMARY KEY, `first_name` varchar(255), `last_name` varchar(255), `middle_name` varchar(255), `address` varchar(255), `city` varchar(255), `state` varchar(255)) ENGINE=InnoDB[0m
  [4;35;1mSQL (0.7ms)[0m   [0mSHOW TABLES[0m
  [4;36;1mSQL (0.2ms)[0m   [0;1mSELECT version FROM `schema_migrations`[0m
Unable to load searchable_user, underlying cause no such file to load -- searchable_user 

 /opt/local/lib/ruby/site_ruby/1.8/rubygems/custom_require.rb:31:in `gem_original_require'
/opt/local/lib/ruby/site_ruby/1.8/rubygems/custom_require.rb:31:in `require'
/opt/local/lib/ruby/gems/1.8/gems/activesupport-2.2.2/lib/active_support/dependencies.rb:155:in `require'
/opt/local/lib/ruby/gems/1.8/gems/activesupport-2.2.2/lib/active_support/dependencies.rb:262:in `require_or_load'
/opt/local/lib/ruby/gems/1.8/gems/activesupport-2.2.2/lib/active_support/dependencies.rb:221:in `depend_on'
/opt/local/lib/ruby/gems/1.8/gems/activesupport-2.2.2/lib/active_support/dependencies.rb:133:in `require_dependency'
/opt/local/lib/ruby/gems/1.8/gems/activerecord-2.2.2/lib/active_record/fixtures.rb:856:in `try_to_load_dependency'
/opt/local/lib/ruby/gems/1.8/gems/activerecord-2.2.2/lib/active_record/fixtures.rb:871:in `require_fixture_classes'
/opt/local/lib/ruby/gems/1.8/gems/activerecord-2.2.2/lib/active_record/fixtures.rb:868:in `each'
/opt/local/lib/ruby/gems/1.8/gems/activerecord-2.2.2/lib/active_record/fixtures.rb:868:in `require_fixture_classes'
/opt/local/lib/ruby/gems/1.8/gems/activerecord-2.2.2/lib/active_record/fixtures.rb:851:in `fixtures'
searchable_attributes_spec.rb:6
/Users/rlaw/projects/intridea/brookes/vendor/plugins/rspec/lib/spec/example/example_group_methods.rb:99:in `module_eval'
/Users/rlaw/projects/intridea/brookes/vendor/plugins/rspec/lib/spec/example/example_group_methods.rb:99:in `create_example_group_subclass'
/Users/rlaw/projects/intridea/brookes/vendor/plugins/rspec/lib/spec/example/example_group_methods.rb:75:in `describe'
/Users/rlaw/projects/intridea/brookes/vendor/plugins/rspec/lib/spec/example/example_group_factory.rb:57:in `create_example_group'
/Users/rlaw/projects/intridea/brookes/vendor/plugins/rspec/lib/spec/dsl/main.rb:25:in `describe'
searchable_attributes_spec.rb:5
  [4;35;1mSQL (0.1ms)[0m   [0mBEGIN[0m
  [4;36;1mSQL (0.7ms)[0m   [0;1mROLLBACK[0m
  [4;35;1mSQL (0.1ms)[0m   [0mBEGIN[0m
  [4;36;1mSQL (0.1ms)[0m   [0;1mROLLBACK[0m
  [4;35;1mSQL (0.1ms)[0m   [0mBEGIN[0m
  [4;36;1mSQL (0.1ms)[0m   [0;1mROLLBACK[0m
  [4;35;1mSQL (0.1ms)[0m   [0mBEGIN[0m
  [4;36;1mSQL (0.1ms)[0m   [0;1mROLLBACK[0m
  [4;36;1mSQL (0.3ms)[0m   [0;1mSET NAMES 'utf8'[0m
  [4;35;1mSQL (0.1ms)[0m   [0mSET SQL_AUTO_IS_NULL=0[0m
  [4;36;1mSQL (0.7ms)[0m   [0;1mSHOW TABLES[0m
  [4;35;1mSQL (1.4ms)[0m   [0mDROP TABLE `searchable_users`[0m
  [4;36;1mSQL (13.7ms)[0m   [0;1mCREATE TABLE `searchable_users` (`id` int(11) DEFAULT NULL auto_increment PRIMARY KEY, `first_name` varchar(255), `last_name` varchar(255), `middle_name` varchar(255), `address` varchar(255), `city` varchar(255), `state` varchar(255)) ENGINE=InnoDB[0m
  [4;35;1mSQL (0.6ms)[0m   [0mSHOW TABLES[0m
  [4;36;1mSQL (0.3ms)[0m   [0;1mSELECT version FROM `schema_migrations`[0m
Unable to load searchable_user, underlying cause no such file to load -- searchable_user 

 /opt/local/lib/ruby/site_ruby/1.8/rubygems/custom_require.rb:31:in `gem_original_require'
/opt/local/lib/ruby/site_ruby/1.8/rubygems/custom_require.rb:31:in `require'
/opt/local/lib/ruby/gems/1.8/gems/activesupport-2.2.2/lib/active_support/dependencies.rb:155:in `require'
/opt/local/lib/ruby/gems/1.8/gems/activesupport-2.2.2/lib/active_support/dependencies.rb:262:in `require_or_load'
/opt/local/lib/ruby/gems/1.8/gems/activesupport-2.2.2/lib/active_support/dependencies.rb:221:in `depend_on'
/opt/local/lib/ruby/gems/1.8/gems/activesupport-2.2.2/lib/active_support/dependencies.rb:133:in `require_dependency'
/opt/local/lib/ruby/gems/1.8/gems/activerecord-2.2.2/lib/active_record/fixtures.rb:856:in `try_to_load_dependency'
/opt/local/lib/ruby/gems/1.8/gems/activerecord-2.2.2/lib/active_record/fixtures.rb:871:in `require_fixture_classes'
/opt/local/lib/ruby/gems/1.8/gems/activerecord-2.2.2/lib/active_record/fixtures.rb:868:in `each'
/opt/local/lib/ruby/gems/1.8/gems/activerecord-2.2.2/lib/active_record/fixtures.rb:868:in `require_fixture_classes'
/opt/local/lib/ruby/gems/1.8/gems/activerecord-2.2.2/lib/active_record/fixtures.rb:851:in `fixtures'
searchable_attributes_spec.rb:6
/Users/rlaw/projects/intridea/brookes/vendor/plugins/rspec/lib/spec/example/example_group_methods.rb:99:in `module_eval'
/Users/rlaw/projects/intridea/brookes/vendor/plugins/rspec/lib/spec/example/example_group_methods.rb:99:in `create_example_group_subclass'
/Users/rlaw/projects/intridea/brookes/vendor/plugins/rspec/lib/spec/example/example_group_methods.rb:75:in `describe'
/Users/rlaw/projects/intridea/brookes/vendor/plugins/rspec/lib/spec/example/example_group_factory.rb:57:in `create_example_group'
/Users/rlaw/projects/intridea/brookes/vendor/plugins/rspec/lib/spec/dsl/main.rb:25:in `describe'
searchable_attributes_spec.rb:5
  [4;35;1mSQL (0.1ms)[0m   [0mBEGIN[0m
  [4;36;1mSQL (0.1ms)[0m   [0;1mROLLBACK[0m
  [4;35;1mSQL (0.1ms)[0m   [0mBEGIN[0m
  [4;36;1mSQL (0.1ms)[0m   [0;1mROLLBACK[0m
  [4;35;1mSQL (0.1ms)[0m   [0mBEGIN[0m
  [4;36;1mSQL (0.1ms)[0m   [0;1mROLLBACK[0m
  [4;35;1mSQL (0.1ms)[0m   [0mBEGIN[0m
  [4;36;1mSQL (0.1ms)[0m   [0;1mROLLBACK[0m
  [4;36;1mSQL (0.3ms)[0m   [0;1mSET NAMES 'utf8'[0m
  [4;35;1mSQL (0.1ms)[0m   [0mSET SQL_AUTO_IS_NULL=0[0m
  [4;36;1mSQL (0.6ms)[0m   [0;1mSHOW TABLES[0m
  [4;35;1mSQL (2.2ms)[0m   [0mDROP TABLE `searchable_users`[0m
  [4;36;1mSQL (34.3ms)[0m   [0;1mCREATE TABLE `searchable_users` (`id` int(11) DEFAULT NULL auto_increment PRIMARY KEY, `first_name` varchar(255), `last_name` varchar(255), `middle_name` varchar(255), `address` varchar(255), `city` varchar(255), `state` varchar(255)) ENGINE=InnoDB[0m
  [4;35;1mSQL (0.5ms)[0m   [0mSHOW TABLES[0m
  [4;36;1mSQL (0.2ms)[0m   [0;1mSELECT version FROM `schema_migrations`[0m
Unable to load searchable_user, underlying cause no such file to load -- searchable_user 

 /opt/local/lib/ruby/site_ruby/1.8/rubygems/custom_require.rb:31:in `gem_original_require'
/opt/local/lib/ruby/site_ruby/1.8/rubygems/custom_require.rb:31:in `require'
/opt/local/lib/ruby/gems/1.8/gems/activesupport-2.2.2/lib/active_support/dependencies.rb:155:in `require'
/opt/local/lib/ruby/gems/1.8/gems/activesupport-2.2.2/lib/active_support/dependencies.rb:262:in `require_or_load'
/opt/local/lib/ruby/gems/1.8/gems/activesupport-2.2.2/lib/active_support/dependencies.rb:221:in `depend_on'
/opt/local/lib/ruby/gems/1.8/gems/activesupport-2.2.2/lib/active_support/dependencies.rb:133:in `require_dependency'
/opt/local/lib/ruby/gems/1.8/gems/activerecord-2.2.2/lib/active_record/fixtures.rb:856:in `try_to_load_dependency'
/opt/local/lib/ruby/gems/1.8/gems/activerecord-2.2.2/lib/active_record/fixtures.rb:871:in `require_fixture_classes'
/opt/local/lib/ruby/gems/1.8/gems/activerecord-2.2.2/lib/active_record/fixtures.rb:868:in `each'
/opt/local/lib/ruby/gems/1.8/gems/activerecord-2.2.2/lib/active_record/fixtures.rb:868:in `require_fixture_classes'
/opt/local/lib/ruby/gems/1.8/gems/activerecord-2.2.2/lib/active_record/fixtures.rb:851:in `fixtures'
searchable_attributes_spec.rb:6
/Users/rlaw/projects/intridea/brookes/vendor/plugins/rspec/lib/spec/example/example_group_methods.rb:99:in `module_eval'
/Users/rlaw/projects/intridea/brookes/vendor/plugins/rspec/lib/spec/example/example_group_methods.rb:99:in `create_example_group_subclass'
/Users/rlaw/projects/intridea/brookes/vendor/plugins/rspec/lib/spec/example/example_group_methods.rb:75:in `describe'
/Users/rlaw/projects/intridea/brookes/vendor/plugins/rspec/lib/spec/example/example_group_factory.rb:57:in `create_example_group'
/Users/rlaw/projects/intridea/brookes/vendor/plugins/rspec/lib/spec/dsl/main.rb:25:in `describe'
searchable_attributes_spec.rb:5
  [4;35;1mSQL (0.1ms)[0m   [0mBEGIN[0m
  [4;36;1mSQL (0.1ms)[0m   [0;1mROLLBACK[0m
  [4;35;1mSQL (0.1ms)[0m   [0mBEGIN[0m
  [4;36;1mSQL (0.1ms)[0m   [0;1mROLLBACK[0m
  [4;35;1mSQL (0.1ms)[0m   [0mBEGIN[0m
  [4;36;1mSQL (0.1ms)[0m   [0;1mROLLBACK[0m
  [4;35;1mSQL (0.1ms)[0m   [0mBEGIN[0m
  [4;36;1mSQL (0.1ms)[0m   [0;1mROLLBACK[0m
  [4;36;1mSQL (0.3ms)[0m   [0;1mSET NAMES 'utf8'[0m
  [4;35;1mSQL (0.1ms)[0m   [0mSET SQL_AUTO_IS_NULL=0[0m
  [4;36;1mSQL (0.6ms)[0m   [0;1mSHOW TABLES[0m
  [4;35;1mSQL (15.7ms)[0m   [0mDROP TABLE `searchable_users`[0m
  [4;36;1mSQL (3.3ms)[0m   [0;1mCREATE TABLE `searchable_users` (`id` int(11) DEFAULT NULL auto_increment PRIMARY KEY, `first_name` varchar(255), `last_name` varchar(255), `middle_name` varchar(255), `address` varchar(255), `city` varchar(255), `state` varchar(255)) ENGINE=InnoDB[0m
  [4;35;1mSQL (0.5ms)[0m   [0mSHOW TABLES[0m
  [4;36;1mSQL (0.2ms)[0m   [0;1mSELECT version FROM `schema_migrations`[0m
Unable to load searchable_user, underlying cause no such file to load -- searchable_user 

 /opt/local/lib/ruby/site_ruby/1.8/rubygems/custom_require.rb:31:in `gem_original_require'
/opt/local/lib/ruby/site_ruby/1.8/rubygems/custom_require.rb:31:in `require'
/opt/local/lib/ruby/gems/1.8/gems/activesupport-2.2.2/lib/active_support/dependencies.rb:155:in `require'
/opt/local/lib/ruby/gems/1.8/gems/activesupport-2.2.2/lib/active_support/dependencies.rb:262:in `require_or_load'
/opt/local/lib/ruby/gems/1.8/gems/activesupport-2.2.2/lib/active_support/dependencies.rb:221:in `depend_on'
/opt/local/lib/ruby/gems/1.8/gems/activesupport-2.2.2/lib/active_support/dependencies.rb:133:in `require_dependency'
/opt/local/lib/ruby/gems/1.8/gems/activerecord-2.2.2/lib/active_record/fixtures.rb:856:in `try_to_load_dependency'
/opt/local/lib/ruby/gems/1.8/gems/activerecord-2.2.2/lib/active_record/fixtures.rb:871:in `require_fixture_classes'
/opt/local/lib/ruby/gems/1.8/gems/activerecord-2.2.2/lib/active_record/fixtures.rb:868:in `each'
/opt/local/lib/ruby/gems/1.8/gems/activerecord-2.2.2/lib/active_record/fixtures.rb:868:in `require_fixture_classes'
/opt/local/lib/ruby/gems/1.8/gems/activerecord-2.2.2/lib/active_record/fixtures.rb:851:in `fixtures'
searchable_attributes_spec.rb:6
/Users/rlaw/projects/intridea/brookes/vendor/plugins/rspec/lib/spec/example/example_group_methods.rb:99:in `module_eval'
/Users/rlaw/projects/intridea/brookes/vendor/plugins/rspec/lib/spec/example/example_group_methods.rb:99:in `create_example_group_subclass'
/Users/rlaw/projects/intridea/brookes/vendor/plugins/rspec/lib/spec/example/example_group_methods.rb:75:in `describe'
/Users/rlaw/projects/intridea/brookes/vendor/plugins/rspec/lib/spec/example/example_group_factory.rb:57:in `create_example_group'
/Users/rlaw/projects/intridea/brookes/vendor/plugins/rspec/lib/spec/dsl/main.rb:25:in `describe'
searchable_attributes_spec.rb:5
  [4;35;1mSQL (0.1ms)[0m   [0mBEGIN[0m
  [4;36;1mSQL (0.6ms)[0m   [0;1mROLLBACK[0m
  [4;35;1mSQL (0.1ms)[0m   [0mBEGIN[0m
  [4;36;1mSQL (0.1ms)[0m   [0;1mROLLBACK[0m
  [4;35;1mSQL (0.1ms)[0m   [0mBEGIN[0m
  [4;36;1mSQL (0.1ms)[0m   [0;1mROLLBACK[0m
  [4;35;1mSQL (0.1ms)[0m   [0mBEGIN[0m
  [4;36;1mSQL (0.1ms)[0m   [0;1mROLLBACK[0m
  [4;36;1mSQL (0.3ms)[0m   [0;1mSET NAMES 'utf8'[0m
  [4;35;1mSQL (0.1ms)[0m   [0mSET SQL_AUTO_IS_NULL=0[0m
  [4;36;1mSQL (0.6ms)[0m   [0;1mSHOW TABLES[0m
  [4;35;1mSQL (1.8ms)[0m   [0mDROP TABLE `searchable_users`[0m
  [4;36;1mSQL (33.4ms)[0m   [0;1mCREATE TABLE `searchable_users` (`id` int(11) DEFAULT NULL auto_increment PRIMARY KEY, `first_name` varchar(255), `last_name` varchar(255), `middle_name` varchar(255), `address` varchar(255), `city` varchar(255), `state` varchar(255)) ENGINE=InnoDB[0m
  [4;35;1mSQL (0.8ms)[0m   [0mSHOW TABLES[0m
  [4;36;1mSQL (0.2ms)[0m   [0;1mSELECT version FROM `schema_migrations`[0m
Unable to load searchable_user, underlying cause no such file to load -- searchable_user 

 /opt/local/lib/ruby/site_ruby/1.8/rubygems/custom_require.rb:31:in `gem_original_require'
/opt/local/lib/ruby/site_ruby/1.8/rubygems/custom_require.rb:31:in `require'
/opt/local/lib/ruby/gems/1.8/gems/activesupport-2.2.2/lib/active_support/dependencies.rb:155:in `require'
/opt/local/lib/ruby/gems/1.8/gems/activesupport-2.2.2/lib/active_support/dependencies.rb:262:in `require_or_load'
/opt/local/lib/ruby/gems/1.8/gems/activesupport-2.2.2/lib/active_support/dependencies.rb:221:in `depend_on'
/opt/local/lib/ruby/gems/1.8/gems/activesupport-2.2.2/lib/active_support/dependencies.rb:133:in `require_dependency'
/opt/local/lib/ruby/gems/1.8/gems/activerecord-2.2.2/lib/active_record/fixtures.rb:856:in `try_to_load_dependency'
/opt/local/lib/ruby/gems/1.8/gems/activerecord-2.2.2/lib/active_record/fixtures.rb:871:in `require_fixture_classes'
/opt/local/lib/ruby/gems/1.8/gems/activerecord-2.2.2/lib/active_record/fixtures.rb:868:in `each'
/opt/local/lib/ruby/gems/1.8/gems/activerecord-2.2.2/lib/active_record/fixtures.rb:868:in `require_fixture_classes'
/opt/local/lib/ruby/gems/1.8/gems/activerecord-2.2.2/lib/active_record/fixtures.rb:851:in `fixtures'
searchable_attributes_spec.rb:6
/Users/rlaw/projects/intridea/brookes/vendor/plugins/rspec/lib/spec/example/example_group_methods.rb:99:in `module_eval'
/Users/rlaw/projects/intridea/brookes/vendor/plugins/rspec/lib/spec/example/example_group_methods.rb:99:in `create_example_group_subclass'
/Users/rlaw/projects/intridea/brookes/vendor/plugins/rspec/lib/spec/example/example_group_methods.rb:75:in `describe'
/Users/rlaw/projects/intridea/brookes/vendor/plugins/rspec/lib/spec/example/example_group_factory.rb:57:in `create_example_group'
/Users/rlaw/projects/intridea/brookes/vendor/plugins/rspec/lib/spec/dsl/main.rb:25:in `describe'
searchable_attributes_spec.rb:5
  [4;35;1mSQL (0.1ms)[0m   [0mBEGIN[0m
  [4;36;1mSQL (0.1ms)[0m   [0;1mROLLBACK[0m
  [4;35;1mSQL (0.1ms)[0m   [0mBEGIN[0m
  [4;36;1mSQL (0.1ms)[0m   [0;1mROLLBACK[0m
  [4;35;1mSQL (0.1ms)[0m   [0mBEGIN[0m
  [4;36;1mSQL (0.1ms)[0m   [0;1mROLLBACK[0m
  [4;35;1mSQL (0.1ms)[0m   [0mBEGIN[0m
  [4;36;1mSQL (0.1ms)[0m   [0;1mROLLBACK[0m
  [4;36;1mSQL (0.3ms)[0m   [0;1mSET NAMES 'utf8'[0m
  [4;35;1mSQL (0.1ms)[0m   [0mSET SQL_AUTO_IS_NULL=0[0m
  [4;36;1mSQL (0.9ms)[0m   [0;1mSHOW TABLES[0m
  [4;35;1mSQL (2.0ms)[0m   [0mDROP TABLE `searchable_users`[0m
  [4;36;1mSQL (25.3ms)[0m   [0;1mCREATE TABLE `searchable_users` (`id` int(11) DEFAULT NULL auto_increment PRIMARY KEY, `first_name` varchar(255), `last_name` varchar(255), `middle_name` varchar(255), `address` varchar(255), `city` varchar(255), `state` varchar(255)) ENGINE=InnoDB[0m
  [4;35;1mSQL (0.6ms)[0m   [0mSHOW TABLES[0m
  [4;36;1mSQL (0.2ms)[0m   [0;1mSELECT version FROM `schema_migrations`[0m
Unable to load searchable_user, underlying cause no such file to load -- searchable_user 

 /opt/local/lib/ruby/site_ruby/1.8/rubygems/custom_require.rb:31:in `gem_original_require'
/opt/local/lib/ruby/site_ruby/1.8/rubygems/custom_require.rb:31:in `require'
/opt/local/lib/ruby/gems/1.8/gems/activesupport-2.2.2/lib/active_support/dependencies.rb:155:in `require'
/opt/local/lib/ruby/gems/1.8/gems/activesupport-2.2.2/lib/active_support/dependencies.rb:262:in `require_or_load'
/opt/local/lib/ruby/gems/1.8/gems/activesupport-2.2.2/lib/active_support/dependencies.rb:221:in `depend_on'
/opt/local/lib/ruby/gems/1.8/gems/activesupport-2.2.2/lib/active_support/dependencies.rb:133:in `require_dependency'
/opt/local/lib/ruby/gems/1.8/gems/activerecord-2.2.2/lib/active_record/fixtures.rb:856:in `try_to_load_dependency'
/opt/local/lib/ruby/gems/1.8/gems/activerecord-2.2.2/lib/active_record/fixtures.rb:871:in `require_fixture_classes'
/opt/local/lib/ruby/gems/1.8/gems/activerecord-2.2.2/lib/active_record/fixtures.rb:868:in `each'
/opt/local/lib/ruby/gems/1.8/gems/activerecord-2.2.2/lib/active_record/fixtures.rb:868:in `require_fixture_classes'
/opt/local/lib/ruby/gems/1.8/gems/activerecord-2.2.2/lib/active_record/fixtures.rb:851:in `fixtures'
searchable_attributes_spec.rb:6
/Users/rlaw/projects/intridea/brookes/vendor/plugins/rspec/lib/spec/example/example_group_methods.rb:99:in `module_eval'
/Users/rlaw/projects/intridea/brookes/vendor/plugins/rspec/lib/spec/example/example_group_methods.rb:99:in `create_example_group_subclass'
/Users/rlaw/projects/intridea/brookes/vendor/plugins/rspec/lib/spec/example/example_group_methods.rb:75:in `describe'
/Users/rlaw/projects/intridea/brookes/vendor/plugins/rspec/lib/spec/example/example_group_factory.rb:57:in `create_example_group'
/Users/rlaw/projects/intridea/brookes/vendor/plugins/rspec/lib/spec/dsl/main.rb:25:in `describe'
searchable_attributes_spec.rb:5
  [4;35;1mSQL (0.2ms)[0m   [0mBEGIN[0m
  [4;36;1mSQL (0.1ms)[0m   [0;1mROLLBACK[0m
  [4;35;1mSQL (0.1ms)[0m   [0mBEGIN[0m
  [4;36;1mSQL (0.1ms)[0m   [0;1mROLLBACK[0m
  [4;35;1mSQL (0.1ms)[0m   [0mBEGIN[0m
  [4;36;1mSQL (0.1ms)[0m   [0;1mROLLBACK[0m
  [4;35;1mSQL (0.1ms)[0m   [0mBEGIN[0m
  [4;36;1mSQL (0.1ms)[0m   [0;1mROLLBACK[0m
  [4;36;1mSQL (0.3ms)[0m   [0;1mSET NAMES 'utf8'[0m
  [4;35;1mSQL (0.1ms)[0m   [0mSET SQL_AUTO_IS_NULL=0[0m
  [4;36;1mSQL (0.6ms)[0m   [0;1mSHOW TABLES[0m
  [4;35;1mSQL (1.7ms)[0m   [0mDROP TABLE `searchable_users`[0m
  [4;36;1mSQL (2.0ms)[0m   [0;1mCREATE TABLE `searchable_users` (`id` int(11) DEFAULT NULL auto_increment PRIMARY KEY, `first_name` varchar(255), `last_name` varchar(255), `middle_name` varchar(255), `address` varchar(255), `city` varchar(255), `state` varchar(255)) ENGINE=InnoDB[0m
  [4;35;1mSQL (0.5ms)[0m   [0mSHOW TABLES[0m
  [4;36;1mSQL (0.2ms)[0m   [0;1mSELECT version FROM `schema_migrations`[0m
Unable to load searchable_user, underlying cause no such file to load -- searchable_user 

 /opt/local/lib/ruby/site_ruby/1.8/rubygems/custom_require.rb:31:in `gem_original_require'
/opt/local/lib/ruby/site_ruby/1.8/rubygems/custom_require.rb:31:in `require'
/opt/local/lib/ruby/gems/1.8/gems/activesupport-2.2.2/lib/active_support/dependencies.rb:155:in `require'
/opt/local/lib/ruby/gems/1.8/gems/activesupport-2.2.2/lib/active_support/dependencies.rb:262:in `require_or_load'
/opt/local/lib/ruby/gems/1.8/gems/activesupport-2.2.2/lib/active_support/dependencies.rb:221:in `depend_on'
/opt/local/lib/ruby/gems/1.8/gems/activesupport-2.2.2/lib/active_support/dependencies.rb:133:in `require_dependency'
/opt/local/lib/ruby/gems/1.8/gems/activerecord-2.2.2/lib/active_record/fixtures.rb:856:in `try_to_load_dependency'
/opt/local/lib/ruby/gems/1.8/gems/activerecord-2.2.2/lib/active_record/fixtures.rb:871:in `require_fixture_classes'
/opt/local/lib/ruby/gems/1.8/gems/activerecord-2.2.2/lib/active_record/fixtures.rb:868:in `each'
/opt/local/lib/ruby/gems/1.8/gems/activerecord-2.2.2/lib/active_record/fixtures.rb:868:in `require_fixture_classes'
/opt/local/lib/ruby/gems/1.8/gems/activerecord-2.2.2/lib/active_record/fixtures.rb:851:in `fixtures'
searchable_attributes_spec.rb:6
/Users/rlaw/projects/intridea/brookes/vendor/plugins/rspec/lib/spec/example/example_group_methods.rb:99:in `module_eval'
/Users/rlaw/projects/intridea/brookes/vendor/plugins/rspec/lib/spec/example/example_group_methods.rb:99:in `create_example_group_subclass'
/Users/rlaw/projects/intridea/brookes/vendor/plugins/rspec/lib/spec/example/example_group_methods.rb:75:in `describe'
/Users/rlaw/projects/intridea/brookes/vendor/plugins/rspec/lib/spec/example/example_group_factory.rb:57:in `create_example_group'
/Users/rlaw/projects/intridea/brookes/vendor/plugins/rspec/lib/spec/dsl/main.rb:25:in `describe'
searchable_attributes_spec.rb:5
  [4;35;1mSQL (0.1ms)[0m   [0mBEGIN[0m
  [4;36;1mSQL (0.2ms)[0m   [0;1mROLLBACK[0m
  [4;35;1mSQL (0.1ms)[0m   [0mBEGIN[0m
  [4;36;1mSQL (0.1ms)[0m   [0;1mROLLBACK[0m
  [4;35;1mSQL (0.1ms)[0m   [0mBEGIN[0m
  [4;36;1mSQL (0.1ms)[0m   [0;1mROLLBACK[0m
  [4;35;1mSQL (0.1ms)[0m   [0mBEGIN[0m
  [4;36;1mSQL (0.1ms)[0m   [0;1mROLLBACK[0m
  [4;36;1mSQL (0.3ms)[0m   [0;1mSET NAMES 'utf8'[0m
  [4;35;1mSQL (0.1ms)[0m   [0mSET SQL_AUTO_IS_NULL=0[0m
  [4;36;1mSQL (0.6ms)[0m   [0;1mSHOW TABLES[0m
  [4;35;1mSQL (1.5ms)[0m   [0mDROP TABLE `searchable_users`[0m
  [4;36;1mSQL (17.2ms)[0m   [0;1mCREATE TABLE `searchable_users` (`id` int(11) DEFAULT NULL auto_increment PRIMARY KEY, `first_name` varchar(255), `last_name` varchar(255), `middle_name` varchar(255), `address` varchar(255), `city` varchar(255), `state` varchar(255)) ENGINE=InnoDB[0m
  [4;35;1mSQL (1.2ms)[0m   [0mSHOW TABLES[0m
  [4;36;1mSQL (0.3ms)[0m   [0;1mSELECT version FROM `schema_migrations`[0m
Unable to load searchable_user, underlying cause no such file to load -- searchable_user 

 /opt/local/lib/ruby/site_ruby/1.8/rubygems/custom_require.rb:31:in `gem_original_require'
/opt/local/lib/ruby/site_ruby/1.8/rubygems/custom_require.rb:31:in `require'
/opt/local/lib/ruby/gems/1.8/gems/activesupport-2.2.2/lib/active_support/dependencies.rb:155:in `require'
/opt/local/lib/ruby/gems/1.8/gems/activesupport-2.2.2/lib/active_support/dependencies.rb:262:in `require_or_load'
/opt/local/lib/ruby/gems/1.8/gems/activesupport-2.2.2/lib/active_support/dependencies.rb:221:in `depend_on'
/opt/local/lib/ruby/gems/1.8/gems/activesupport-2.2.2/lib/active_support/dependencies.rb:133:in `require_dependency'
/opt/local/lib/ruby/gems/1.8/gems/activerecord-2.2.2/lib/active_record/fixtures.rb:856:in `try_to_load_dependency'
/opt/local/lib/ruby/gems/1.8/gems/activerecord-2.2.2/lib/active_record/fixtures.rb:871:in `require_fixture_classes'
/opt/local/lib/ruby/gems/1.8/gems/activerecord-2.2.2/lib/active_record/fixtures.rb:868:in `each'
/opt/local/lib/ruby/gems/1.8/gems/activerecord-2.2.2/lib/active_record/fixtures.rb:868:in `require_fixture_classes'
/opt/local/lib/ruby/gems/1.8/gems/activerecord-2.2.2/lib/active_record/fixtures.rb:851:in `fixtures'
searchable_attributes_spec.rb:6
/Users/rlaw/projects/intridea/brookes/vendor/plugins/rspec/lib/spec/example/example_group_methods.rb:99:in `module_eval'
/Users/rlaw/projects/intridea/brookes/vendor/plugins/rspec/lib/spec/example/example_group_methods.rb:99:in `create_example_group_subclass'
/Users/rlaw/projects/intridea/brookes/vendor/plugins/rspec/lib/spec/example/example_group_methods.rb:75:in `describe'
/Users/rlaw/projects/intridea/brookes/vendor/plugins/rspec/lib/spec/example/example_group_factory.rb:57:in `create_example_group'
/Users/rlaw/projects/intridea/brookes/vendor/plugins/rspec/lib/spec/dsl/main.rb:25:in `describe'
searchable_attributes_spec.rb:5
  [4;35;1mSQL (0.1ms)[0m   [0mBEGIN[0m
  [4;36;1mSQL (0.1ms)[0m   [0;1mROLLBACK[0m
  [4;35;1mSQL (0.1ms)[0m   [0mBEGIN[0m
  [4;36;1mSQL (0.1ms)[0m   [0;1mROLLBACK[0m
  [4;35;1mSQL (0.1ms)[0m   [0mBEGIN[0m
  [4;36;1mSQL (0.1ms)[0m   [0;1mROLLBACK[0m
  [4;35;1mSQL (0.1ms)[0m   [0mBEGIN[0m
  [4;36;1mSQL (0.1ms)[0m   [0;1mROLLBACK[0m
  [4;35;1mSQL (0.1ms)[0m   [0mBEGIN[0m
  [4;36;1mSearchableUser Load (0.2ms)[0m   [0;1mSELECT * FROM `searchable_users` WHERE (`searchable_users`.`first_name` = 'Gilbert') [0m
  [4;35;1mSearchableUser Load (0.2ms)[0m   [0mSELECT * FROM `searchable_users` WHERE (`searchable_users`.`first_name` = 'abc') [0m
  [4;36;1mSQL (0.1ms)[0m   [0;1mROLLBACK[0m
  [4;35;1mSQL (0.1ms)[0m   [0mBEGIN[0m
  [4;36;1mSQL (0.1ms)[0m   [0;1mROLLBACK[0m
  [4;36;1mSQL (0.3ms)[0m   [0;1mSET NAMES 'utf8'[0m
  [4;35;1mSQL (0.1ms)[0m   [0mSET SQL_AUTO_IS_NULL=0[0m
  [4;36;1mSQL (0.5ms)[0m   [0;1mSHOW TABLES[0m
  [4;35;1mSQL (1.9ms)[0m   [0mDROP TABLE `searchable_users`[0m
  [4;36;1mSQL (27.2ms)[0m   [0;1mCREATE TABLE `searchable_users` (`id` int(11) DEFAULT NULL auto_increment PRIMARY KEY, `first_name` varchar(255), `last_name` varchar(255), `middle_name` varchar(255), `address` varchar(255), `city` varchar(255), `state` varchar(255)) ENGINE=InnoDB[0m
  [4;35;1mSQL (1.4ms)[0m   [0mSHOW TABLES[0m
  [4;36;1mSQL (0.3ms)[0m   [0;1mSELECT version FROM `schema_migrations`[0m
Unable to load searchable_user, underlying cause no such file to load -- searchable_user 

 /opt/local/lib/ruby/site_ruby/1.8/rubygems/custom_require.rb:31:in `gem_original_require'
/opt/local/lib/ruby/site_ruby/1.8/rubygems/custom_require.rb:31:in `require'
/opt/local/lib/ruby/gems/1.8/gems/activesupport-2.2.2/lib/active_support/dependencies.rb:155:in `require'
/opt/local/lib/ruby/gems/1.8/gems/activesupport-2.2.2/lib/active_support/dependencies.rb:262:in `require_or_load'
/opt/local/lib/ruby/gems/1.8/gems/activesupport-2.2.2/lib/active_support/dependencies.rb:221:in `depend_on'
/opt/local/lib/ruby/gems/1.8/gems/activesupport-2.2.2/lib/active_support/dependencies.rb:133:in `require_dependency'
/opt/local/lib/ruby/gems/1.8/gems/activerecord-2.2.2/lib/active_record/fixtures.rb:856:in `try_to_load_dependency'
/opt/local/lib/ruby/gems/1.8/gems/activerecord-2.2.2/lib/active_record/fixtures.rb:871:in `require_fixture_classes'
/opt/local/lib/ruby/gems/1.8/gems/activerecord-2.2.2/lib/active_record/fixtures.rb:868:in `each'
/opt/local/lib/ruby/gems/1.8/gems/activerecord-2.2.2/lib/active_record/fixtures.rb:868:in `require_fixture_classes'
/opt/local/lib/ruby/gems/1.8/gems/activerecord-2.2.2/lib/active_record/fixtures.rb:851:in `fixtures'
searchable_attributes_spec.rb:6
/Users/rlaw/projects/intridea/brookes/vendor/plugins/rspec/lib/spec/example/example_group_methods.rb:99:in `module_eval'
/Users/rlaw/projects/intridea/brookes/vendor/plugins/rspec/lib/spec/example/example_group_methods.rb:99:in `create_example_group_subclass'
/Users/rlaw/projects/intridea/brookes/vendor/plugins/rspec/lib/spec/example/example_group_methods.rb:75:in `describe'
/Users/rlaw/projects/intridea/brookes/vendor/plugins/rspec/lib/spec/example/example_group_factory.rb:57:in `create_example_group'
/Users/rlaw/projects/intridea/brookes/vendor/plugins/rspec/lib/spec/dsl/main.rb:25:in `describe'
searchable_attributes_spec.rb:5
  [4;35;1mSQL (0.1ms)[0m   [0mBEGIN[0m
  [4;36;1mSQL (0.1ms)[0m   [0;1mROLLBACK[0m
  [4;35;1mSQL (0.1ms)[0m   [0mBEGIN[0m
  [4;36;1mSQL (0.1ms)[0m   [0;1mROLLBACK[0m
  [4;35;1mSQL (0.1ms)[0m   [0mBEGIN[0m
  [4;36;1mSQL (0.1ms)[0m   [0;1mROLLBACK[0m
  [4;35;1mSQL (0.1ms)[0m   [0mBEGIN[0m
  [4;36;1mSQL (0.1ms)[0m   [0;1mROLLBACK[0m
  [4;35;1mSQL (0.1ms)[0m   [0mBEGIN[0m
  [4;36;1mSQL (0.1ms)[0m   [0;1mROLLBACK[0m
  [4;35;1mSQL (0.1ms)[0m   [0mBEGIN[0m
  [4;36;1mSQL (0.1ms)[0m   [0;1mROLLBACK[0m
  [4;36;1mSQL (0.3ms)[0m   [0;1mSET NAMES 'utf8'[0m
  [4;35;1mSQL (0.1ms)[0m   [0mSET SQL_AUTO_IS_NULL=0[0m
  [4;36;1mSQL (0.5ms)[0m   [0;1mSHOW TABLES[0m
  [4;35;1mSQL (21.3ms)[0m   [0mDROP TABLE `searchable_users`[0m
  [4;36;1mSQL (2.0ms)[0m   [0;1mCREATE TABLE `searchable_users` (`id` int(11) DEFAULT NULL auto_increment PRIMARY KEY, `first_name` varchar(255), `last_name` varchar(255), `middle_name` varchar(255), `address` varchar(255), `city` varchar(255), `state` varchar(255)) ENGINE=InnoDB[0m
  [4;35;1mSQL (0.7ms)[0m   [0mSHOW TABLES[0m
  [4;36;1mSQL (0.2ms)[0m   [0;1mSELECT version FROM `schema_migrations`[0m
Unable to load searchable_user, underlying cause no such file to load -- searchable_user 

 /opt/local/lib/ruby/site_ruby/1.8/rubygems/custom_require.rb:31:in `gem_original_require'
/opt/local/lib/ruby/site_ruby/1.8/rubygems/custom_require.rb:31:in `require'
/opt/local/lib/ruby/gems/1.8/gems/activesupport-2.2.2/lib/active_support/dependencies.rb:155:in `require'
/opt/local/lib/ruby/gems/1.8/gems/activesupport-2.2.2/lib/active_support/dependencies.rb:262:in `require_or_load'
/opt/local/lib/ruby/gems/1.8/gems/activesupport-2.2.2/lib/active_support/dependencies.rb:221:in `depend_on'
/opt/local/lib/ruby/gems/1.8/gems/activesupport-2.2.2/lib/active_support/dependencies.rb:133:in `require_dependency'
/opt/local/lib/ruby/gems/1.8/gems/activerecord-2.2.2/lib/active_record/fixtures.rb:856:in `try_to_load_dependency'
/opt/local/lib/ruby/gems/1.8/gems/activerecord-2.2.2/lib/active_record/fixtures.rb:871:in `require_fixture_classes'
/opt/local/lib/ruby/gems/1.8/gems/activerecord-2.2.2/lib/active_record/fixtures.rb:868:in `each'
/opt/local/lib/ruby/gems/1.8/gems/activerecord-2.2.2/lib/active_record/fixtures.rb:868:in `require_fixture_classes'
/opt/local/lib/ruby/gems/1.8/gems/activerecord-2.2.2/lib/active_record/fixtures.rb:851:in `fixtures'
searchable_attributes_spec.rb:6
/Users/rlaw/projects/intridea/brookes/vendor/plugins/rspec/lib/spec/example/example_group_methods.rb:99:in `module_eval'
/Users/rlaw/projects/intridea/brookes/vendor/plugins/rspec/lib/spec/example/example_group_methods.rb:99:in `create_example_group_subclass'
/Users/rlaw/projects/intridea/brookes/vendor/plugins/rspec/lib/spec/example/example_group_methods.rb:75:in `describe'
/Users/rlaw/projects/intridea/brookes/vendor/plugins/rspec/lib/spec/example/example_group_factory.rb:57:in `create_example_group'
/Users/rlaw/projects/intridea/brookes/vendor/plugins/rspec/lib/spec/dsl/main.rb:25:in `describe'
searchable_attributes_spec.rb:5
  [4;35;1mSQL (0.1ms)[0m   [0mBEGIN[0m
  [4;36;1mSQL (0.1ms)[0m   [0;1mROLLBACK[0m
  [4;35;1mSQL (0.1ms)[0m   [0mBEGIN[0m
  [4;36;1mSQL (0.1ms)[0m   [0;1mROLLBACK[0m
  [4;35;1mSQL (0.1ms)[0m   [0mBEGIN[0m
  [4;36;1mSQL (0.1ms)[0m   [0;1mROLLBACK[0m
  [4;35;1mSQL (0.1ms)[0m   [0mBEGIN[0m
  [4;36;1mSQL (0.1ms)[0m   [0;1mROLLBACK[0m
  [4;35;1mSQL (0.1ms)[0m   [0mBEGIN[0m
  [4;36;1mSearchableUser Columns (1.7ms)[0m   [0;1mSHOW FIELDS FROM `searchable_users`[0m
  [4;35;1mSQL (0.2ms)[0m   [0mSELECT count(*) AS count_all FROM `searchable_users` WHERE (`searchable_users`.`first_name` = 'Gilbert') [0m
  [4;36;1mSQL (0.1ms)[0m   [0;1mSELECT count(*) AS count_all FROM `searchable_users` WHERE (`searchable_users`.`first_name` = 'abc') [0m
  [4;35;1mSQL (0.1ms)[0m   [0mROLLBACK[0m
  [4;36;1mSQL (0.1ms)[0m   [0;1mBEGIN[0m
  [4;35;1mSQL (0.1ms)[0m   [0mROLLBACK[0m
  [4;36;1mSQL (0.3ms)[0m   [0;1mSET NAMES 'utf8'[0m
  [4;35;1mSQL (0.1ms)[0m   [0mSET SQL_AUTO_IS_NULL=0[0m
  [4;36;1mSQL (0.7ms)[0m   [0;1mSHOW TABLES[0m
  [4;35;1mSQL (1.7ms)[0m   [0mDROP TABLE `searchable_users`[0m
  [4;36;1mSQL (12.3ms)[0m   [0;1mCREATE TABLE `searchable_users` (`id` int(11) DEFAULT NULL auto_increment PRIMARY KEY, `first_name` varchar(255), `last_name` varchar(255), `middle_name` varchar(255), `address` varchar(255), `city` varchar(255), `state` varchar(255)) ENGINE=InnoDB[0m
  [4;35;1mSQL (0.6ms)[0m   [0mSHOW TABLES[0m
  [4;36;1mSQL (0.2ms)[0m   [0;1mSELECT version FROM `schema_migrations`[0m
Unable to load searchable_user, underlying cause no such file to load -- searchable_user 

 /opt/local/lib/ruby/site_ruby/1.8/rubygems/custom_require.rb:31:in `gem_original_require'
/opt/local/lib/ruby/site_ruby/1.8/rubygems/custom_require.rb:31:in `require'
/opt/local/lib/ruby/gems/1.8/gems/activesupport-2.2.2/lib/active_support/dependencies.rb:155:in `require'
/opt/local/lib/ruby/gems/1.8/gems/activesupport-2.2.2/lib/active_support/dependencies.rb:262:in `require_or_load'
/opt/local/lib/ruby/gems/1.8/gems/activesupport-2.2.2/lib/active_support/dependencies.rb:221:in `depend_on'
/opt/local/lib/ruby/gems/1.8/gems/activesupport-2.2.2/lib/active_support/dependencies.rb:133:in `require_dependency'
/opt/local/lib/ruby/gems/1.8/gems/activerecord-2.2.2/lib/active_record/fixtures.rb:856:in `try_to_load_dependency'
/opt/local/lib/ruby/gems/1.8/gems/activerecord-2.2.2/lib/active_record/fixtures.rb:871:in `require_fixture_classes'
/opt/local/lib/ruby/gems/1.8/gems/activerecord-2.2.2/lib/active_record/fixtures.rb:868:in `each'
/opt/local/lib/ruby/gems/1.8/gems/activerecord-2.2.2/lib/active_record/fixtures.rb:868:in `require_fixture_classes'
/opt/local/lib/ruby/gems/1.8/gems/activerecord-2.2.2/lib/active_record/fixtures.rb:851:in `fixtures'
searchable_attributes_spec.rb:6
/Users/rlaw/projects/intridea/brookes/vendor/plugins/rspec/lib/spec/example/example_group_methods.rb:99:in `module_eval'
/Users/rlaw/projects/intridea/brookes/vendor/plugins/rspec/lib/spec/example/example_group_methods.rb:99:in `create_example_group_subclass'
/Users/rlaw/projects/intridea/brookes/vendor/plugins/rspec/lib/spec/example/example_group_methods.rb:75:in `describe'
/Users/rlaw/projects/intridea/brookes/vendor/plugins/rspec/lib/spec/example/example_group_factory.rb:57:in `create_example_group'
/Users/rlaw/projects/intridea/brookes/vendor/plugins/rspec/lib/spec/dsl/main.rb:25:in `describe'
searchable_attributes_spec.rb:5
  [4;35;1mSQL (0.2ms)[0m   [0mBEGIN[0m
  [4;36;1mSQL (0.1ms)[0m   [0;1mROLLBACK[0m
  [4;35;1mSQL (0.1ms)[0m   [0mBEGIN[0m
  [4;36;1mSQL (0.1ms)[0m   [0;1mROLLBACK[0m
  [4;35;1mSQL (0.1ms)[0m   [0mBEGIN[0m
  [4;36;1mSQL (0.1ms)[0m   [0;1mROLLBACK[0m
  [4;35;1mSQL (0.1ms)[0m   [0mBEGIN[0m
  [4;36;1mSQL (0.1ms)[0m   [0;1mROLLBACK[0m
  [4;35;1mSQL (0.1ms)[0m   [0mBEGIN[0m
  [4;36;1mSearchableUser Columns (1.3ms)[0m   [0;1mSHOW FIELDS FROM `searchable_users`[0m
  [4;35;1mSQL (0.2ms)[0m   [0mSELECT count(*) AS count_all FROM `searchable_users` [0m
  [4;36;1mSQL (0.2ms)[0m   [0;1mSELECT count(*) AS count_all FROM `searchable_users` WHERE (`searchable_users`.`first_name` = 'Gilbert') [0m
  [4;35;1mSQL (0.1ms)[0m   [0mSELECT count(*) AS count_all FROM `searchable_users` WHERE (`searchable_users`.`first_name` = 'abc') [0m
  [4;36;1mSQL (0.1ms)[0m   [0;1mROLLBACK[0m
  [4;35;1mSQL (0.1ms)[0m   [0mBEGIN[0m
  [4;36;1mSQL (0.1ms)[0m   [0;1mROLLBACK[0m
  [4;36;1mSQL (0.3ms)[0m   [0;1mSET NAMES 'utf8'[0m
  [4;35;1mSQL (0.4ms)[0m   [0mSET SQL_AUTO_IS_NULL=0[0m
  [4;36;1mSQL (0.6ms)[0m   [0;1mSHOW TABLES[0m
  [4;35;1mSQL (1.8ms)[0m   [0mDROP TABLE `searchable_users`[0m
  [4;36;1mSQL (21.1ms)[0m   [0;1mCREATE TABLE `searchable_users` (`id` int(11) DEFAULT NULL auto_increment PRIMARY KEY, `first_name` varchar(255), `last_name` varchar(255), `middle_name` varchar(255), `address` varchar(255), `city` varchar(255), `state` varchar(255)) ENGINE=InnoDB[0m
  [4;35;1mSQL (0.5ms)[0m   [0mSHOW TABLES[0m
  [4;36;1mSQL (0.2ms)[0m   [0;1mSELECT version FROM `schema_migrations`[0m
  [4;35;1mSQL (0.1ms)[0m   [0mBEGIN[0m
  [4;36;1mSQL (0.1ms)[0m   [0;1mROLLBACK[0m
  [4;35;1mSQL (0.2ms)[0m   [0mBEGIN[0m
  [4;36;1mSQL (0.1ms)[0m   [0;1mROLLBACK[0m
  [4;35;1mSQL (0.1ms)[0m   [0mBEGIN[0m
  [4;36;1mSQL (0.1ms)[0m   [0;1mROLLBACK[0m
  [4;35;1mSQL (0.1ms)[0m   [0mBEGIN[0m
  [4;36;1mSQL (0.1ms)[0m   [0;1mROLLBACK[0m
  [4;35;1mSQL (0.1ms)[0m   [0mBEGIN[0m
  [4;36;1mSQL (0.1ms)[0m   [0;1mROLLBACK[0m
  [4;35;1mSQL (0.1ms)[0m   [0mBEGIN[0m
  [4;36;1mSQL (0.2ms)[0m   [0;1mROLLBACK[0m
  [4;35;1mSQL (0.5ms)[0m   [0mSHOW TABLES[0m
  [4;36;1mSQL (0.5ms)[0m   [0;1mSHOW TABLES[0m
  [4;35;1mSQL (0.5ms)[0m   [0mSHOW TABLES[0m
  [4;36;1mSQL (1.2ms)[0m   [0;1mSHOW TABLES[0m
  [4;35;1mSQL (0.3ms)[0m   [0mSHOW TABLES[0m
  [4;36;1mSQL (0.4ms)[0m   [0;1mSHOW TABLES[0m
  [4;35;1mSQL (1.1ms)[0m   [0mSHOW TABLES[0m
  [4;36;1mSQL (0.4ms)[0m   [0;1mSHOW TABLES[0m
  [4;35;1mSQL (1.3ms)[0m   [0mSHOW TABLES[0m
  [4;36;1mSQL (0.4ms)[0m   [0;1mSHOW TABLES[0m
  [4;35;1mSQL (0.4ms)[0m   [0mSHOW TABLES[0m
  [4;36;1mSQL (0.3ms)[0m   [0;1mSHOW TABLES[0m
  [4;35;1mSQL (0.3ms)[0m   [0mSHOW TABLES[0m
  [4;36;1mSQL (0.3ms)[0m   [0;1mSHOW TABLES[0m
  [4;35;1mSQL (0.5ms)[0m   [0mSHOW TABLES[0m
  [4;36;1mSQL (0.4ms)[0m   [0;1mSHOW TABLES[0m
  [4;35;1mSQL (0.3ms)[0m   [0mSHOW TABLES[0m
  [4;36;1mSQL (0.4ms)[0m   [0;1mSHOW TABLES[0m
  [4;35;1mSQL (113.3ms)[0m   [0mSHOW TABLES[0m
  [4;36;1mSQL (0.7ms)[0m   [0;1mSHOW TABLES[0m
  [4;35;1mSQL (0.5ms)[0m   [0mSHOW TABLES[0m
  [4;36;1mSQL (0.4ms)[0m   [0;1mSHOW TABLES[0m
  [4;35;1mSQL (0.4ms)[0m   [0mSHOW TABLES[0m
  [4;36;1mSQL (0.4ms)[0m   [0;1mSHOW TABLES[0m
  [4;35;1mSQL (0.4ms)[0m   [0mSHOW TABLES[0m
  [4;36;1mSQL (0.7ms)[0m   [0;1mSHOW TABLES[0m
  [4;35;1mSQL (0.4ms)[0m   [0mSHOW TABLES[0m
  [4;36;1mSQL (0.4ms)[0m   [0;1mSHOW TABLES[0m
  [4;35;1mSQL (0.5ms)[0m   [0mSHOW TABLES[0m
  [4;36;1mSQL (0.6ms)[0m   [0;1mSHOW TABLES[0m
  [4;35;1mSQL (0.4ms)[0m   [0mSHOW TABLES[0m
  [4;36;1mSQL (0.4ms)[0m   [0;1mSHOW TABLES[0m
  [4;35;1mSQL (0.4ms)[0m   [0mSHOW TABLES[0m
  [4;36;1mSQL (0.7ms)[0m   [0;1mSHOW TABLES[0m
  [4;35;1mSQL (1.2ms)[0m   [0mSHOW TABLES[0m
  [4;36;1mSQL (0.5ms)[0m   [0;1mSHOW TABLES[0m
  [4;35;1mSQL (0.4ms)[0m   [0mSHOW TABLES[0m
  [4;36;1mSQL (114.7ms)[0m   [0;1mSHOW TABLES[0m
  [4;35;1mSQL (0.6ms)[0m   [0mSHOW TABLES[0m
  [4;36;1mSQL (0.5ms)[0m   [0;1mSHOW TABLES[0m
  [4;35;1mSQL (0.4ms)[0m   [0mSHOW TABLES[0m
  [4;36;1mSQL (0.4ms)[0m   [0;1mSHOW TABLES[0m
  [4;36;1mSQL (0.3ms)[0m   [0;1mSET NAMES 'utf8'[0m
  [4;35;1mSQL (0.1ms)[0m   [0mSET SQL_AUTO_IS_NULL=0[0m
  [4;36;1mSQL (0.5ms)[0m   [0;1mSHOW TABLES[0m
  [4;35;1mSQL (13.6ms)[0m   [0mDROP TABLE `searchable_users`[0m
  [4;36;1mSQL (1.8ms)[0m   [0;1mCREATE TABLE `searchable_users` (`id` int(11) DEFAULT NULL auto_increment PRIMARY KEY, `first_name` varchar(255), `last_name` varchar(255), `middle_name` varchar(255), `address` varchar(255), `city` varchar(255), `state` varchar(255)) ENGINE=InnoDB[0m
  [4;35;1mSQL (0.6ms)[0m   [0mSHOW TABLES[0m
  [4;36;1mSQL (0.3ms)[0m   [0;1mSELECT version FROM `schema_migrations`[0m
Unable to load searchable_user, underlying cause no such file to load -- searchable_user 

 /opt/local/lib/ruby/site_ruby/1.8/rubygems/custom_require.rb:31:in `gem_original_require'
/opt/local/lib/ruby/site_ruby/1.8/rubygems/custom_require.rb:31:in `require'
/opt/local/lib/ruby/gems/1.8/gems/activesupport-2.2.2/lib/active_support/dependencies.rb:155:in `require'
/opt/local/lib/ruby/gems/1.8/gems/activesupport-2.2.2/lib/active_support/dependencies.rb:262:in `require_or_load'
/opt/local/lib/ruby/gems/1.8/gems/activesupport-2.2.2/lib/active_support/dependencies.rb:221:in `depend_on'
/opt/local/lib/ruby/gems/1.8/gems/activesupport-2.2.2/lib/active_support/dependencies.rb:133:in `require_dependency'
/opt/local/lib/ruby/gems/1.8/gems/activerecord-2.2.2/lib/active_record/fixtures.rb:856:in `try_to_load_dependency'
/opt/local/lib/ruby/gems/1.8/gems/activerecord-2.2.2/lib/active_record/fixtures.rb:871:in `require_fixture_classes'
/opt/local/lib/ruby/gems/1.8/gems/activerecord-2.2.2/lib/active_record/fixtures.rb:868:in `each'
/opt/local/lib/ruby/gems/1.8/gems/activerecord-2.2.2/lib/active_record/fixtures.rb:868:in `require_fixture_classes'
/opt/local/lib/ruby/gems/1.8/gems/activerecord-2.2.2/lib/active_record/fixtures.rb:851:in `fixtures'
searchable_attributes_spec.rb:6
/Users/rlaw/projects/intridea/brookes/vendor/plugins/rspec/lib/spec/example/example_group_methods.rb:99:in `module_eval'
/Users/rlaw/projects/intridea/brookes/vendor/plugins/rspec/lib/spec/example/example_group_methods.rb:99:in `create_example_group_subclass'
/Users/rlaw/projects/intridea/brookes/vendor/plugins/rspec/lib/spec/example/example_group_methods.rb:75:in `describe'
/Users/rlaw/projects/intridea/brookes/vendor/plugins/rspec/lib/spec/example/example_group_factory.rb:57:in `create_example_group'
/Users/rlaw/projects/intridea/brookes/vendor/plugins/rspec/lib/spec/dsl/main.rb:25:in `describe'
searchable_attributes_spec.rb:5
  [4;35;1mSQL (0.1ms)[0m   [0mBEGIN[0m
  [4;36;1mSearchableUser Columns (1.6ms)[0m   [0;1mSHOW FIELDS FROM `searchable_users`[0m
  [4;35;1mSearchableUser Create (0.2ms)[0m   [0mINSERT INTO `searchable_users` (`city`, `first_name`, `last_name`, `address`, `middle_name`, `state`) VALUES(NULL, 'Raymond', 'Law', NULL, NULL, NULL)[0m
  [4;36;1mSQL (0.6ms)[0m   [0;1mROLLBACK[0m
  [4;35;1mSQL (0.1ms)[0m   [0mBEGIN[0m
  [4;36;1mSearchableUser Create (0.3ms)[0m   [0;1mINSERT INTO `searchable_users` (`city`, `first_name`, `last_name`, `address`, `middle_name`, `state`) VALUES(NULL, 'Raymond', 'Law', NULL, NULL, NULL)[0m
  [4;35;1mSQL (0.7ms)[0m   [0mROLLBACK[0m
  [4;36;1mSQL (0.1ms)[0m   [0;1mBEGIN[0m
  [4;35;1mSearchableUser Create (0.2ms)[0m   [0mINSERT INTO `searchable_users` (`city`, `first_name`, `last_name`, `address`, `middle_name`, `state`) VALUES(NULL, 'Raymond', 'Law', NULL, NULL, NULL)[0m
  [4;36;1mSQL (0.5ms)[0m   [0;1mROLLBACK[0m
  [4;35;1mSQL (0.1ms)[0m   [0mBEGIN[0m
  [4;36;1mSearchableUser Create (0.2ms)[0m   [0;1mINSERT INTO `searchable_users` (`city`, `first_name`, `last_name`, `address`, `middle_name`, `state`) VALUES(NULL, 'Raymond', 'Law', NULL, NULL, NULL)[0m
  [4;35;1mSQL (0.6ms)[0m   [0mROLLBACK[0m
  [4;36;1mSQL (0.1ms)[0m   [0;1mBEGIN[0m
  [4;35;1mSearchableUser Create (0.2ms)[0m   [0mINSERT INTO `searchable_users` (`city`, `first_name`, `last_name`, `address`, `middle_name`, `state`) VALUES(NULL, 'Raymond', 'Law', NULL, NULL, NULL)[0m
  [4;36;1mSQL (0.2ms)[0m   [0;1mSELECT count(*) AS count_all FROM `searchable_users` [0m
  [4;35;1mSQL (0.2ms)[0m   [0mSELECT count(*) AS count_all FROM `searchable_users` WHERE (`searchable_users`.`first_name` = 'Gilbert') [0m
  [4;36;1mSQL (0.2ms)[0m   [0;1mSELECT count(*) AS count_all FROM `searchable_users` WHERE (`searchable_users`.`first_name` = 'abc') [0m
  [4;35;1mSQL (0.6ms)[0m   [0mROLLBACK[0m
  [4;36;1mSQL (0.1ms)[0m   [0;1mBEGIN[0m
  [4;35;1mSearchableUser Create (0.2ms)[0m   [0mINSERT INTO `searchable_users` (`city`, `first_name`, `last_name`, `address`, `middle_name`, `state`) VALUES(NULL, 'Raymond', 'Law', NULL, NULL, NULL)[0m
  [4;36;1mSQL (0.5ms)[0m   [0;1mROLLBACK[0m
  [4;36;1mSQL (0.3ms)[0m   [0;1mSET NAMES 'utf8'[0m
  [4;35;1mSQL (0.1ms)[0m   [0mSET SQL_AUTO_IS_NULL=0[0m
  [4;36;1mSQL (0.5ms)[0m   [0;1mSHOW TABLES[0m
  [4;35;1mSQL (1.5ms)[0m   [0mDROP TABLE `searchable_users`[0m
  [4;36;1mSQL (17.2ms)[0m   [0;1mCREATE TABLE `searchable_users` (`id` int(11) DEFAULT NULL auto_increment PRIMARY KEY, `first_name` varchar(255), `last_name` varchar(255), `middle_name` varchar(255), `address` varchar(255), `city` varchar(255), `state` varchar(255)) ENGINE=InnoDB[0m
  [4;35;1mSQL (0.8ms)[0m   [0mSHOW TABLES[0m
  [4;36;1mSQL (0.4ms)[0m   [0;1mSELECT version FROM `schema_migrations`[0m
  [4;36;1mSQL (0.3ms)[0m   [0;1mSET NAMES 'utf8'[0m
  [4;35;1mSQL (0.2ms)[0m   [0mSET SQL_AUTO_IS_NULL=0[0m
  [4;36;1mSQL (0.7ms)[0m   [0;1mSHOW TABLES[0m
  [4;35;1mSQL (5.7ms)[0m   [0mDROP TABLE `searchable_users`[0m
  [4;36;1mSQL (18.0ms)[0m   [0;1mCREATE TABLE `searchable_users` (`id` int(11) DEFAULT NULL auto_increment PRIMARY KEY, `first_name` varchar(255), `last_name` varchar(255), `middle_name` varchar(255), `address` varchar(255), `city` varchar(255), `state` varchar(255)) ENGINE=InnoDB[0m
  [4;35;1mSQL (0.5ms)[0m   [0mSHOW TABLES[0m
  [4;36;1mSQL (0.3ms)[0m   [0;1mSELECT version FROM `schema_migrations`[0m
  [4;35;1mSQL (0.1ms)[0m   [0mBEGIN[0m
  [4;36;1mSQL (0.1ms)[0m   [0;1mROLLBACK[0m
  [4;35;1mSQL (0.1ms)[0m   [0mBEGIN[0m
  [4;36;1mSQL (0.1ms)[0m   [0;1mROLLBACK[0m
  [4;35;1mSQL (0.1ms)[0m   [0mBEGIN[0m
  [4;36;1mSQL (0.1ms)[0m   [0;1mROLLBACK[0m
  [4;35;1mSQL (0.1ms)[0m   [0mBEGIN[0m
  [4;36;1mSQL (0.1ms)[0m   [0;1mROLLBACK[0m
  [4;35;1mSQL (0.1ms)[0m   [0mBEGIN[0m
  [4;36;1mSearchableUser Columns (1.7ms)[0m   [0;1mSHOW FIELDS FROM `searchable_users`[0m
  [4;35;1mSQL (0.2ms)[0m   [0mSELECT count(*) AS count_all FROM `searchable_users` [0m
  [4;36;1mSQL (0.2ms)[0m   [0;1mSELECT count(*) AS count_all FROM `searchable_users` WHERE (`searchable_users`.`first_name` = 'Gilbert') [0m
  [4;35;1mSQL (0.2ms)[0m   [0mSELECT count(*) AS count_all FROM `searchable_users` WHERE (`searchable_users`.`first_name` = 'abc') [0m
  [4;36;1mSQL (0.1ms)[0m   [0;1mROLLBACK[0m
  [4;35;1mSQL (0.1ms)[0m   [0mBEGIN[0m
  [4;36;1mSQL (0.1ms)[0m   [0;1mROLLBACK[0m
  [4;36;1mSQL (0.3ms)[0m   [0;1mSET NAMES 'utf8'[0m
  [4;35;1mSQL (0.1ms)[0m   [0mSET SQL_AUTO_IS_NULL=0[0m
  [4;36;1mSQL (0.6ms)[0m   [0;1mSHOW TABLES[0m
  [4;35;1mSQL (25.3ms)[0m   [0mDROP TABLE `searchable_users`[0m
  [4;36;1mSQL (2.7ms)[0m   [0;1mCREATE TABLE `searchable_users` (`id` int(11) DEFAULT NULL auto_increment PRIMARY KEY, `first_name` varchar(255), `last_name` varchar(255), `middle_name` varchar(255), `address` varchar(255), `city` varchar(255), `state` varchar(255)) ENGINE=InnoDB[0m
  [4;35;1mSQL (0.6ms)[0m   [0mSHOW TABLES[0m
  [4;36;1mSQL (0.4ms)[0m   [0;1mSELECT version FROM `schema_migrations`[0m
  [4;35;1mSQL (0.3ms)[0m   [0mBEGIN[0m
  [4;36;1mSQL (0.1ms)[0m   [0;1mROLLBACK[0m
  [4;35;1mSQL (0.1ms)[0m   [0mBEGIN[0m
  [4;36;1mSQL (0.1ms)[0m   [0;1mROLLBACK[0m
  [4;35;1mSQL (0.1ms)[0m   [0mBEGIN[0m
  [4;36;1mSQL (0.1ms)[0m   [0;1mROLLBACK[0m
  [4;35;1mSQL (0.1ms)[0m   [0mBEGIN[0m
  [4;36;1mSQL (0.1ms)[0m   [0;1mROLLBACK[0m
  [4;35;1mSQL (0.1ms)[0m   [0mBEGIN[0m
  [4;36;1mSearchableUser Columns (1.4ms)[0m   [0;1mSHOW FIELDS FROM `searchable_users`[0m
  [4;35;1mSQL (0.2ms)[0m   [0mSELECT count(*) AS count_all FROM `searchable_users` [0m
  [4;36;1mSQL (0.2ms)[0m   [0;1mSELECT count(*) AS count_all FROM `searchable_users` WHERE (`searchable_users`.`first_name` = 'Gilbert') [0m
  [4;35;1mSQL (0.2ms)[0m   [0mSELECT count(*) AS count_all FROM `searchable_users` WHERE (`searchable_users`.`first_name` = 'abc') [0m
  [4;36;1mSQL (0.1ms)[0m   [0;1mROLLBACK[0m
  [4;35;1mSQL (0.1ms)[0m   [0mBEGIN[0m
  [4;36;1mSQL (0.1ms)[0m   [0;1mROLLBACK[0m
  [4;36;1mSQL (0.3ms)[0m   [0;1mSET NAMES 'utf8'[0m
  [4;35;1mSQL (0.1ms)[0m   [0mSET SQL_AUTO_IS_NULL=0[0m
  [4;36;1mSQL (0.5ms)[0m   [0;1mSHOW TABLES[0m
  [4;35;1mSQL (1.6ms)[0m   [0mDROP TABLE `searchable_users`[0m
  [4;36;1mSQL (2.3ms)[0m   [0;1mCREATE TABLE `searchable_users` (`id` int(11) DEFAULT NULL auto_increment PRIMARY KEY, `first_name` varchar(255), `last_name` varchar(255), `middle_name` varchar(255), `address` varchar(255), `city` varchar(255), `state` varchar(255)) ENGINE=InnoDB[0m
  [4;35;1mSQL (2.4ms)[0m   [0mSHOW TABLES[0m
  [4;36;1mSQL (0.2ms)[0m   [0;1mSELECT version FROM `schema_migrations`[0m
  [4;36;1mSQL (0.3ms)[0m   [0;1mSET NAMES 'utf8'[0m
  [4;35;1mSQL (0.2ms)[0m   [0mSET SQL_AUTO_IS_NULL=0[0m
  [4;36;1mSQL (1.0ms)[0m   [0;1mSHOW TABLES[0m
  [4;35;1mSQL (19.6ms)[0m   [0mDROP TABLE `searchable_users`[0m
  [4;36;1mSQL (6.3ms)[0m   [0;1mCREATE TABLE `searchable_users` (`id` int(11) DEFAULT NULL auto_increment PRIMARY KEY, `first_name` varchar(255), `last_name` varchar(255), `middle_name` varchar(255), `address` varchar(255), `city` varchar(255), `state` varchar(255)) ENGINE=InnoDB[0m
  [4;35;1mSQL (1.1ms)[0m   [0mSHOW TABLES[0m
  [4;36;1mSQL (0.6ms)[0m   [0;1mSELECT version FROM `schema_migrations`[0m
  [4;36;1mSQL (0.3ms)[0m   [0;1mSET NAMES 'utf8'[0m
  [4;35;1mSQL (0.1ms)[0m   [0mSET SQL_AUTO_IS_NULL=0[0m
  [4;36;1mSQL (0.6ms)[0m   [0;1mSHOW TABLES[0m
  [4;35;1mSQL (18.5ms)[0m   [0mDROP TABLE `searchable_users`[0m
  [4;36;1mSQL (2.3ms)[0m   [0;1mCREATE TABLE `searchable_users` (`id` int(11) DEFAULT NULL auto_increment PRIMARY KEY, `first_name` varchar(255), `last_name` varchar(255), `middle_name` varchar(255), `address` varchar(255), `city` varchar(255), `state` varchar(255)) ENGINE=InnoDB[0m
  [4;35;1mSQL (0.7ms)[0m   [0mSHOW TABLES[0m
  [4;36;1mSQL (0.2ms)[0m   [0;1mSELECT version FROM `schema_migrations`[0m
  [4;36;1mSQL (0.3ms)[0m   [0;1mSET NAMES 'utf8'[0m
  [4;35;1mSQL (0.2ms)[0m   [0mSET SQL_AUTO_IS_NULL=0[0m
  [4;36;1mSQL (0.6ms)[0m   [0;1mSHOW TABLES[0m
  [4;35;1mSQL (21.3ms)[0m   [0mDROP TABLE `searchable_users`[0m
  [4;36;1mSQL (2.0ms)[0m   [0;1mCREATE TABLE `searchable_users` (`id` int(11) DEFAULT NULL auto_increment PRIMARY KEY, `first_name` varchar(255), `last_name` varchar(255), `middle_name` varchar(255), `address` varchar(255), `city` varchar(255), `state` varchar(255)) ENGINE=InnoDB[0m
  [4;35;1mSQL (0.6ms)[0m   [0mSHOW TABLES[0m
  [4;36;1mSQL (0.2ms)[0m   [0;1mSELECT version FROM `schema_migrations`[0m
  [4;36;1mSQL (0.3ms)[0m   [0;1mSET NAMES 'utf8'[0m
  [4;35;1mSQL (0.1ms)[0m   [0mSET SQL_AUTO_IS_NULL=0[0m
  [4;36;1mSQL (0.6ms)[0m   [0;1mSHOW TABLES[0m
  [4;35;1mSQL (30.7ms)[0m   [0mDROP TABLE `searchable_users`[0m
  [4;36;1mSQL (29.1ms)[0m   [0;1mCREATE TABLE `searchable_users` (`id` int(11) DEFAULT NULL auto_increment PRIMARY KEY, `first_name` varchar(255), `last_name` varchar(255), `middle_name` varchar(255), `address` varchar(255), `city` varchar(255), `state` varchar(255)) ENGINE=InnoDB[0m
  [4;35;1mSQL (0.8ms)[0m   [0mSHOW TABLES[0m
  [4;36;1mSQL (0.2ms)[0m   [0;1mSELECT version FROM `schema_migrations`[0m
  [4;35;1mSearchableUser Columns (1.8ms)[0m   [0mSHOW FIELDS FROM `searchable_users`[0m
  [4;36;1mSQL (0.1ms)[0m   [0;1mBEGIN[0m
  [4;35;1mSearchableUser Create (0.3ms)[0m   [0mINSERT INTO `searchable_users` (`city`, `first_name`, `last_name`, `address`, `middle_name`, `state`) VALUES('Alexandria', 'Antawn', 'Jamison', '123 Main Street', 'Cortez', 'Virginia')[0m
  [4;36;1mSQL (0.5ms)[0m   [0;1mCOMMIT[0m
  [4;35;1mSQL (0.1ms)[0m   [0mBEGIN[0m
  [4;36;1mSearchableUser Create (0.2ms)[0m   [0;1mINSERT INTO `searchable_users` (`city`, `first_name`, `last_name`, `address`, `middle_name`, `state`) VALUES('Great Falls', 'Gilbert', 'Arenas', '123 Main Street', 'Jay', 'Virginia')[0m
  [4;35;1mSQL (0.5ms)[0m   [0mCOMMIT[0m
  [4;36;1mSQL (0.1ms)[0m   [0;1mBEGIN[0m
  [4;35;1mSearchableUser Create (0.6ms)[0m   [0mINSERT INTO `searchable_users` (`city`, `first_name`, `last_name`, `address`, `middle_name`, `state`) VALUES('Great Falls', 'Caron', 'Butler', '123 Main Street', 'James', 'Virginia')[0m
  [4;36;1mSQL (0.5ms)[0m   [0;1mCOMMIT[0m
  [4;35;1mSQL (0.1ms)[0m   [0mBEGIN[0m
  [4;36;1mSQL (0.2ms)[0m   [0;1mROLLBACK[0m
  [4;35;1mSQL (0.1ms)[0m   [0mBEGIN[0m
  [4;36;1mSQL (0.2ms)[0m   [0;1mROLLBACK[0m
  [4;35;1mSQL (0.1ms)[0m   [0mBEGIN[0m
  [4;36;1mSQL (0.1ms)[0m   [0;1mROLLBACK[0m
  [4;35;1mSQL (0.1ms)[0m   [0mBEGIN[0m
  [4;36;1mSQL (0.2ms)[0m   [0;1mROLLBACK[0m
  [4;35;1mSQL (0.1ms)[0m   [0mBEGIN[0m
  [4;36;1mSQL (0.2ms)[0m   [0;1mSELECT count(*) AS count_all FROM `searchable_users` [0m
  [4;35;1mSQL (0.2ms)[0m   [0mSELECT count(*) AS count_all FROM `searchable_users` WHERE (`searchable_users`.`first_name` = 'Gilbert') [0m
  [4;36;1mSQL (0.2ms)[0m   [0;1mSELECT count(*) AS count_all FROM `searchable_users` WHERE (`searchable_users`.`first_name` = 'abc') [0m
  [4;35;1mSQL (0.1ms)[0m   [0mROLLBACK[0m
  [4;36;1mSQL (0.1ms)[0m   [0;1mBEGIN[0m
  [4;35;1mSQL (0.1ms)[0m   [0mROLLBACK[0m
  [4;36;1mSQL (0.3ms)[0m   [0;1mSET NAMES 'utf8'[0m
  [4;35;1mSQL (0.1ms)[0m   [0mSET SQL_AUTO_IS_NULL=0[0m
  [4;36;1mSQL (0.6ms)[0m   [0;1mSHOW TABLES[0m
  [4;35;1mSQL (1.5ms)[0m   [0mDROP TABLE `searchable_users`[0m
  [4;36;1mSQL (19.8ms)[0m   [0;1mCREATE TABLE `searchable_users` (`id` int(11) DEFAULT NULL auto_increment PRIMARY KEY, `first_name` varchar(255), `last_name` varchar(255), `middle_name` varchar(255), `address` varchar(255), `city` varchar(255), `state` varchar(255)) ENGINE=InnoDB[0m
  [4;35;1mSQL (1.0ms)[0m   [0mSHOW TABLES[0m
  [4;36;1mSQL (0.3ms)[0m   [0;1mSELECT version FROM `schema_migrations`[0m
  [4;35;1mSearchableUser Columns (1.6ms)[0m   [0mSHOW FIELDS FROM `searchable_users`[0m
  [4;36;1mSQL (0.1ms)[0m   [0;1mBEGIN[0m
  [4;35;1mSearchableUser Create (0.3ms)[0m   [0mINSERT INTO `searchable_users` (`city`, `first_name`, `last_name`, `address`, `middle_name`, `state`) VALUES('Alexandria', 'Antawn', 'Jamison', '123 Main Street', 'Cortez', 'Virginia')[0m
  [4;36;1mSQL (0.5ms)[0m   [0;1mCOMMIT[0m
  [4;35;1mSQL (0.1ms)[0m   [0mBEGIN[0m
  [4;36;1mSearchableUser Create (0.1ms)[0m   [0;1mINSERT INTO `searchable_users` (`city`, `first_name`, `last_name`, `address`, `middle_name`, `state`) VALUES('Great Falls', 'Gilbert', 'Arenas', '123 Main Street', 'Jay', 'Virginia')[0m
  [4;35;1mSQL (0.3ms)[0m   [0mCOMMIT[0m
  [4;36;1mSQL (0.1ms)[0m   [0;1mBEGIN[0m
  [4;35;1mSearchableUser Create (0.2ms)[0m   [0mINSERT INTO `searchable_users` (`city`, `first_name`, `last_name`, `address`, `middle_name`, `state`) VALUES('Great Falls', 'Caron', 'Butler', '123 Main Street', 'James', 'Virginia')[0m
  [4;36;1mSQL (0.4ms)[0m   [0;1mCOMMIT[0m
  [4;35;1mSQL (0.1ms)[0m   [0mBEGIN[0m
  [4;36;1mSQL (0.1ms)[0m   [0;1mROLLBACK[0m
  [4;35;1mSQL (0.1ms)[0m   [0mBEGIN[0m
  [4;36;1mSQL (0.1ms)[0m   [0;1mROLLBACK[0m
  [4;35;1mSQL (0.1ms)[0m   [0mBEGIN[0m
  [4;36;1mSQL (0.1ms)[0m   [0;1mROLLBACK[0m
  [4;35;1mSQL (0.1ms)[0m   [0mBEGIN[0m
  [4;36;1mSQL (0.1ms)[0m   [0;1mROLLBACK[0m
  [4;35;1mSQL (0.1ms)[0m   [0mBEGIN[0m
  [4;36;1mSQL (0.3ms)[0m   [0;1mSELECT count(*) AS count_all FROM `searchable_users` WHERE (`searchable_users`.`first_name` = 'Gilbert') [0m
  [4;35;1mSQL (0.2ms)[0m   [0mSELECT count(*) AS count_all FROM `searchable_users` WHERE (`searchable_users`.`middle_name` = 'James') [0m
  [4;36;1mSQL (0.1ms)[0m   [0;1mSELECT count(*) AS count_all FROM `searchable_users` WHERE (`searchable_users`.`last_name` = 'Butler') [0m
  [4;35;1mSQL (0.1ms)[0m   [0mROLLBACK[0m
  [4;36;1mSQL (0.1ms)[0m   [0;1mBEGIN[0m
  [4;35;1mSQL (0.1ms)[0m   [0mROLLBACK[0m
  [4;36;1mSQL (0.3ms)[0m   [0;1mSET NAMES 'utf8'[0m
  [4;35;1mSQL (0.1ms)[0m   [0mSET SQL_AUTO_IS_NULL=0[0m
  [4;36;1mSQL (0.6ms)[0m   [0;1mSHOW TABLES[0m
  [4;35;1mSQL (50.2ms)[0m   [0mDROP TABLE `searchable_users`[0m
  [4;36;1mSQL (2.2ms)[0m   [0;1mCREATE TABLE `searchable_users` (`id` int(11) DEFAULT NULL auto_increment PRIMARY KEY, `first_name` varchar(255), `last_name` varchar(255), `middle_name` varchar(255), `address` varchar(255), `city` varchar(255), `state` varchar(255)) ENGINE=InnoDB[0m
  [4;35;1mSQL (1.0ms)[0m   [0mSHOW TABLES[0m
  [4;36;1mSQL (0.2ms)[0m   [0;1mSELECT version FROM `schema_migrations`[0m
  [4;35;1mSearchableUser Columns (1.9ms)[0m   [0mSHOW FIELDS FROM `searchable_users`[0m
  [4;36;1mSQL (0.1ms)[0m   [0;1mBEGIN[0m
  [4;35;1mSearchableUser Create (0.2ms)[0m   [0mINSERT INTO `searchable_users` (`city`, `first_name`, `last_name`, `address`, `middle_name`, `state`) VALUES('Washington', 'Antawn', 'Jamison', '123 Main Street', 'Cortez', 'District of Columbia')[0m
  [4;36;1mSQL (0.4ms)[0m   [0;1mCOMMIT[0m
  [4;35;1mSQL (0.1ms)[0m   [0mBEGIN[0m
  [4;36;1mSearchableUser Create (0.2ms)[0m   [0;1mINSERT INTO `searchable_users` (`city`, `first_name`, `last_name`, `address`, `middle_name`, `state`) VALUES('Great Falls', 'Gilbert', 'Arenas', '123 Main Street', 'Jay', 'Virginia')[0m
  [4;35;1mSQL (0.3ms)[0m   [0mCOMMIT[0m
  [4;36;1mSQL (0.1ms)[0m   [0;1mBEGIN[0m
  [4;35;1mSearchableUser Create (0.2ms)[0m   [0mINSERT INTO `searchable_users` (`city`, `first_name`, `last_name`, `address`, `middle_name`, `state`) VALUES('Great Falls', 'Caron', 'Butler', '123 Main Street', 'James', 'Virginia')[0m
  [4;36;1mSQL (1.1ms)[0m   [0;1mCOMMIT[0m
  [4;35;1mSQL (0.2ms)[0m   [0mBEGIN[0m
  [4;36;1mSQL (0.2ms)[0m   [0;1mROLLBACK[0m
  [4;35;1mSQL (0.1ms)[0m   [0mBEGIN[0m
  [4;36;1mSQL (0.1ms)[0m   [0;1mROLLBACK[0m
  [4;35;1mSQL (0.1ms)[0m   [0mBEGIN[0m
  [4;36;1mSQL (0.1ms)[0m   [0;1mROLLBACK[0m
  [4;35;1mSQL (0.1ms)[0m   [0mBEGIN[0m
  [4;36;1mSQL (0.1ms)[0m   [0;1mROLLBACK[0m
  [4;35;1mSQL (0.1ms)[0m   [0mBEGIN[0m
  [4;36;1mSQL (0.2ms)[0m   [0;1mSELECT count(*) AS count_all FROM `searchable_users` WHERE (`searchable_users`.`first_name` = 'Gilbert') [0m
  [4;35;1mSQL (0.1ms)[0m   [0mSELECT count(*) AS count_all FROM `searchable_users` WHERE (`searchable_users`.`middle_name` = 'James') [0m
  [4;36;1mSQL (0.1ms)[0m   [0;1mSELECT count(*) AS count_all FROM `searchable_users` WHERE (`searchable_users`.`last_name` = 'Butler') [0m
  [4;35;1mSQL (0.1ms)[0m   [0mROLLBACK[0m
  [4;36;1mSQL (0.1ms)[0m   [0;1mBEGIN[0m
  [4;35;1mSQL (0.2ms)[0m   [0mSELECT count(*) AS count_all FROM `searchable_users` WHERE (address like '%Main%') [0m
  [4;36;1mSQL (0.1ms)[0m   [0;1mSELECT count(*) AS count_all FROM `searchable_users` WHERE (city like '%Great%') [0m
  [4;35;1mSQL (0.1ms)[0m   [0mSELECT count(*) AS count_all FROM `searchable_users` WHERE (state like '%Columbia%') [0m
  [4;36;1mSQL (0.1ms)[0m   [0;1mROLLBACK[0m
  [4;36;1mSQL (0.3ms)[0m   [0;1mSET NAMES 'utf8'[0m
  [4;35;1mSQL (0.1ms)[0m   [0mSET SQL_AUTO_IS_NULL=0[0m
  [4;36;1mSQL (0.5ms)[0m   [0;1mSHOW TABLES[0m
  [4;35;1mSQL (32.5ms)[0m   [0mDROP TABLE `searchable_users`[0m
  [4;36;1mSQL (39.2ms)[0m   [0;1mCREATE TABLE `searchable_users` (`id` int(11) DEFAULT NULL auto_increment PRIMARY KEY, `first_name` varchar(255), `last_name` varchar(255), `middle_name` varchar(255), `address` varchar(255), `city` varchar(255), `state` varchar(255)) ENGINE=InnoDB[0m
  [4;35;1mSQL (0.7ms)[0m   [0mSHOW TABLES[0m
  [4;36;1mSQL (0.4ms)[0m   [0;1mSELECT version FROM `schema_migrations`[0m
  [4;35;1mSearchableUser Columns (1.6ms)[0m   [0mSHOW FIELDS FROM `searchable_users`[0m
  [4;36;1mSQL (0.1ms)[0m   [0;1mBEGIN[0m
  [4;35;1mSearchableUser Create (0.2ms)[0m   [0mINSERT INTO `searchable_users` (`city`, `first_name`, `last_name`, `address`, `middle_name`, `state`) VALUES('Washington', 'Antawn', 'Jamison', '123 Main Street', 'Cortez', 'District of Columbia')[0m
  [4;36;1mSQL (0.4ms)[0m   [0;1mCOMMIT[0m
  [4;35;1mSQL (0.1ms)[0m   [0mBEGIN[0m
  [4;36;1mSearchableUser Create (0.2ms)[0m   [0;1mINSERT INTO `searchable_users` (`city`, `first_name`, `last_name`, `address`, `middle_name`, `state`) VALUES('Great Falls', 'Gilbert', 'Arenas', '123 Main Street', 'Jay', 'Virginia')[0m
  [4;35;1mSQL (0.4ms)[0m   [0mCOMMIT[0m
  [4;36;1mSQL (0.1ms)[0m   [0;1mBEGIN[0m
  [4;35;1mSearchableUser Create (0.2ms)[0m   [0mINSERT INTO `searchable_users` (`city`, `first_name`, `last_name`, `address`, `middle_name`, `state`) VALUES('Great Falls', 'Caron', 'Butler', '123 Main Street', 'James', 'Virginia')[0m
  [4;36;1mSQL (0.4ms)[0m   [0;1mCOMMIT[0m
  [4;35;1mSQL (0.1ms)[0m   [0mBEGIN[0m
  [4;36;1mSQL (0.1ms)[0m   [0;1mROLLBACK[0m
  [4;35;1mSQL (0.1ms)[0m   [0mBEGIN[0m
  [4;36;1mSQL (0.1ms)[0m   [0;1mROLLBACK[0m
  [4;35;1mSQL (0.1ms)[0m   [0mBEGIN[0m
  [4;36;1mSQL (0.1ms)[0m   [0;1mROLLBACK[0m
  [4;35;1mSQL (0.1ms)[0m   [0mBEGIN[0m
  [4;36;1mSQL (0.1ms)[0m   [0;1mROLLBACK[0m
  [4;35;1mSQL (0.1ms)[0m   [0mBEGIN[0m
  [4;36;1mSQL (0.2ms)[0m   [0;1mSELECT count(*) AS count_all FROM `searchable_users` WHERE (`searchable_users`.`first_name` = 'Gilbert') [0m
  [4;35;1mSQL (0.4ms)[0m   [0mSELECT count(*) AS count_all FROM `searchable_users` WHERE (`searchable_users`.`middle_name` = 'James') [0m
  [4;36;1mSQL (0.2ms)[0m   [0;1mSELECT count(*) AS count_all FROM `searchable_users` WHERE (`searchable_users`.`last_name` = 'Butler') [0m
  [4;35;1mSQL (0.2ms)[0m   [0mROLLBACK[0m
  [4;36;1mSQL (0.1ms)[0m   [0;1mBEGIN[0m
  [4;35;1mSQL (0.2ms)[0m   [0mSELECT count(*) AS count_all FROM `searchable_users` WHERE (address like '%Main%') [0m
  [4;36;1mSQL (0.1ms)[0m   [0;1mSELECT count(*) AS count_all FROM `searchable_users` WHERE (city like '%Great%') [0m
  [4;35;1mSQL (0.1ms)[0m   [0mSELECT count(*) AS count_all FROM `searchable_users` WHERE (state like '%Columbia%') [0m
  [4;36;1mSQL (0.1ms)[0m   [0;1mROLLBACK[0m
  [4;36;1mSQL (0.2ms)[0m   [0;1mSET NAMES 'utf8'[0m
  [4;35;1mSQL (0.1ms)[0m   [0mSET SQL_AUTO_IS_NULL=0[0m
  [4;36;1mSQL (0.5ms)[0m   [0;1mSHOW TABLES[0m
  [4;35;1mSQL (2.0ms)[0m   [0mDROP TABLE `searchable_users`[0m
  [4;36;1mSQL (30.7ms)[0m   [0;1mCREATE TABLE `searchable_users` (`id` int(11) DEFAULT NULL auto_increment PRIMARY KEY, `first_name` varchar(255), `last_name` varchar(255), `middle_name` varchar(255), `address` varchar(255), `city` varchar(255), `state` varchar(255)) ENGINE=InnoDB[0m
  [4;35;1mSQL (2.0ms)[0m   [0mSHOW TABLES[0m
  [4;36;1mSQL (0.3ms)[0m   [0;1mSELECT version FROM `schema_migrations`[0m
  [4;35;1mSearchableUser Columns (1.8ms)[0m   [0mSHOW FIELDS FROM `searchable_users`[0m
  [4;36;1mSQL (0.1ms)[0m   [0;1mBEGIN[0m
  [4;35;1mSearchableUser Create (0.3ms)[0m   [0mINSERT INTO `searchable_users` (`city`, `first_name`, `last_name`, `address`, `middle_name`, `state`) VALUES('Washington', 'Antawn', 'Jamison', '123 Main Street', 'Cortez', 'District of Columbia')[0m
  [4;36;1mSQL (0.6ms)[0m   [0;1mCOMMIT[0m
  [4;35;1mSQL (0.1ms)[0m   [0mBEGIN[0m
  [4;36;1mSearchableUser Create (0.2ms)[0m   [0;1mINSERT INTO `searchable_users` (`city`, `first_name`, `last_name`, `address`, `middle_name`, `state`) VALUES('Great Falls', 'Gilbert', 'Arenas', '123 Main Street', 'Jay', 'Virginia')[0m
  [4;35;1mSQL (0.5ms)[0m   [0mCOMMIT[0m
  [4;36;1mSQL (0.1ms)[0m   [0;1mBEGIN[0m
  [4;35;1mSearchableUser Create (0.2ms)[0m   [0mINSERT INTO `searchable_users` (`city`, `first_name`, `last_name`, `address`, `middle_name`, `state`) VALUES('Great Falls', 'Caron', 'Butler', '123 Main Street', 'James', 'Virginia')[0m
  [4;36;1mSQL (0.5ms)[0m   [0;1mCOMMIT[0m
  [4;35;1mSQL (0.1ms)[0m   [0mBEGIN[0m
  [4;36;1mSQL (0.3ms)[0m   [0;1mROLLBACK[0m
  [4;35;1mSQL (0.1ms)[0m   [0mBEGIN[0m
  [4;36;1mSQL (0.1ms)[0m   [0;1mROLLBACK[0m
  [4;35;1mSQL (0.1ms)[0m   [0mBEGIN[0m
  [4;36;1mSQL (0.1ms)[0m   [0;1mROLLBACK[0m
  [4;35;1mSQL (0.1ms)[0m   [0mBEGIN[0m
  [4;36;1mSQL (0.1ms)[0m   [0;1mROLLBACK[0m
  [4;35;1mSQL (0.1ms)[0m   [0mBEGIN[0m
  [4;36;1mSQL (0.2ms)[0m   [0;1mSELECT count(*) AS count_all FROM `searchable_users` WHERE (`searchable_users`.`first_name` = 'Gilbert') [0m
  [4;35;1mSQL (0.1ms)[0m   [0mSELECT count(*) AS count_all FROM `searchable_users` WHERE (`searchable_users`.`middle_name` = 'James') [0m
  [4;36;1mSQL (0.1ms)[0m   [0;1mSELECT count(*) AS count_all FROM `searchable_users` WHERE (`searchable_users`.`last_name` = 'Butler') [0m
  [4;35;1mSQL (0.1ms)[0m   [0mROLLBACK[0m
  [4;36;1mSQL (0.1ms)[0m   [0;1mBEGIN[0m
  [4;35;1mSQL (0.2ms)[0m   [0mSELECT count(*) AS count_all FROM `searchable_users` WHERE (address like '%Main%') [0m
  [4;36;1mSQL (0.2ms)[0m   [0;1mSELECT count(*) AS count_all FROM `searchable_users` WHERE (city like '%Great%') [0m
  [4;35;1mSQL (0.1ms)[0m   [0mSELECT count(*) AS count_all FROM `searchable_users` WHERE (state like '%Columbia%') [0m
  [4;36;1mSQL (0.2ms)[0m   [0;1mROLLBACK[0m
